<?xml version="1.0" encoding="UTF-8"?>
<robot generator="Robot 3.2.2 (Python 3.6.9 on linux)" generated="20201209 16:07:53.780" rpa="false">
<suite id="s1" name="Tests" source="/home/rfsilva/Documents/projetos/automacao_site_automation_pratice/tests">
<suite id="s1-s1" name="Buy Products" source="/home/rfsilva/Documents/projetos/automacao_site_automation_pratice/tests/buy_products.robot">
<kw name="Run Keywords" library="BuiltIn" type="setup">
<doc>Executes all the given keywords in a sequence.</doc>
<arguments>
<arg>Suite Test Setup</arg>
<arg>AND</arg>
<arg>Create User Account</arg>
<arg>${USER}</arg>
</arguments>
<kw name="Suite Test Setup" library="utils_keywords">
<kw name="Creat Test User" library="utils_keywords">
<assign>
<var>${user_data}</var>
</assign>
<kw name="Name" library="FakerLibrary">
<doc>:example 'John Doe'</doc>
<assign>
<var>${name}</var>
</assign>
<msg timestamp="20201209 16:07:54.076" level="INFO">${name} = Trevor Vasquez</msg>
<status status="PASS" starttime="20201209 16:07:54.075" endtime="20201209 16:07:54.076"></status>
</kw>
<kw name="Split String" library="String">
<doc>Splits the ``string`` using ``separator`` as a delimiter string.</doc>
<arguments>
<arg>${name}</arg>
</arguments>
<assign>
<var>${first_name}</var>
<var>${last_name}</var>
</assign>
<msg timestamp="20201209 16:07:54.076" level="INFO">${first_name} = Trevor</msg>
<msg timestamp="20201209 16:07:54.076" level="INFO">${last_name} = Vasquez</msg>
<status status="PASS" starttime="20201209 16:07:54.076" endtime="20201209 16:07:54.076"></status>
</kw>
<kw name="Get User Email" library="utils_keywords">
<arguments>
<arg>${first_name}</arg>
<arg>${last_name}</arg>
</arguments>
<assign>
<var>${email}</var>
</assign>
<kw name="Convert To Lower Case" library="String">
<doc>Converts string to lower case.</doc>
<arguments>
<arg>${first_name}</arg>
</arguments>
<assign>
<var>${first_name_lower_case}</var>
</assign>
<msg timestamp="20201209 16:07:54.077" level="INFO">${first_name_lower_case} = trevor</msg>
<status status="PASS" starttime="20201209 16:07:54.077" endtime="20201209 16:07:54.077"></status>
</kw>
<kw name="Convert To Lower Case" library="String">
<doc>Converts string to lower case.</doc>
<arguments>
<arg>${last_name}</arg>
</arguments>
<assign>
<var>${last_name_lower_case}</var>
</assign>
<msg timestamp="20201209 16:07:54.077" level="INFO">${last_name_lower_case} = vasquez</msg>
<status status="PASS" starttime="20201209 16:07:54.077" endtime="20201209 16:07:54.077"></status>
</kw>
<kw name="Catenate" library="BuiltIn">
<doc>Catenates the given items together and returns the resulted string.</doc>
<arguments>
<arg>SEPARATOR=</arg>
<arg>${first_name_lower_case}</arg>
<arg>${last_name_lower_case}</arg>
</arguments>
<assign>
<var>${emailname}</var>
</assign>
<msg timestamp="20201209 16:07:54.078" level="INFO">${emailname} = trevorvasquez</msg>
<status status="PASS" starttime="20201209 16:07:54.077" endtime="20201209 16:07:54.078"></status>
</kw>
<kw name="Catenate" library="BuiltIn">
<doc>Catenates the given items together and returns the resulted string.</doc>
<arguments>
<arg>SEPARATOR=</arg>
<arg>${emailname}</arg>
<arg>@orbia.ag</arg>
</arguments>
<assign>
<var>${email}</var>
</assign>
<msg timestamp="20201209 16:07:54.078" level="INFO">${email} = trevorvasquez@orbia.ag</msg>
<status status="PASS" starttime="20201209 16:07:54.078" endtime="20201209 16:07:54.078"></status>
</kw>
<kw name="Should Not Be Empty" library="BuiltIn">
<doc>Verifies that the given item is not empty.</doc>
<arguments>
<arg>${email}</arg>
</arguments>
<msg timestamp="20201209 16:07:54.078" level="INFO">Length is 22</msg>
<status status="PASS" starttime="20201209 16:07:54.078" endtime="20201209 16:07:54.078"></status>
</kw>
<msg timestamp="20201209 16:07:54.078" level="INFO">${email} = trevorvasquez@orbia.ag</msg>
<status status="PASS" starttime="20201209 16:07:54.076" endtime="20201209 16:07:54.079"></status>
</kw>
<kw name="Get User Password" library="utils_keywords">
<assign>
<var>${password}</var>
</assign>
<kw name="Evaluate" library="BuiltIn">
<doc>Evaluates the given expression in Python and returns the result.</doc>
<arguments>
<arg>random.randint(5, 10)</arg>
</arguments>
<assign>
<var>${random}</var>
</assign>
<msg timestamp="20201209 16:07:54.079" level="INFO">${random} = 7</msg>
<status status="PASS" starttime="20201209 16:07:54.079" endtime="20201209 16:07:54.079"></status>
</kw>
<kw name="Password" library="FakerLibrary">
<doc>Generate a random password of the specified ``length``.</doc>
<arguments>
<arg>length=${random}</arg>
<arg>special_chars=False</arg>
<arg>digits=True</arg>
<arg>upper_case=True</arg>
<arg>lower_case=True</arg>
</arguments>
<assign>
<var>${password}</var>
</assign>
<msg timestamp="20201209 16:07:54.080" level="INFO">${password} = 4LikRX5</msg>
<status status="PASS" starttime="20201209 16:07:54.079" endtime="20201209 16:07:54.080"></status>
</kw>
<kw name="Should Not Be Empty" library="BuiltIn">
<doc>Verifies that the given item is not empty.</doc>
<arguments>
<arg>${password}</arg>
</arguments>
<msg timestamp="20201209 16:07:54.080" level="INFO">Length is 7</msg>
<status status="PASS" starttime="20201209 16:07:54.080" endtime="20201209 16:07:54.080"></status>
</kw>
<msg timestamp="20201209 16:07:54.080" level="INFO">${password} = 4LikRX5</msg>
<status status="PASS" starttime="20201209 16:07:54.079" endtime="20201209 16:07:54.080"></status>
</kw>
<kw name="Address" library="FakerLibrary">
<doc>:example '791 Crist Parks, Sashabury, IL 86039-9874'</doc>
<assign>
<var>${address}</var>
</assign>
<msg timestamp="20201209 16:07:54.081" level="INFO">${address} = 519 Christian Port Apt. 207
Port Andreaborough, NV 67112</msg>
<status status="PASS" starttime="20201209 16:07:54.080" endtime="20201209 16:07:54.081"></status>
</kw>
<kw name="City" library="FakerLibrary">
<doc>:example 'Sashabury'</doc>
<assign>
<var>${city}</var>
</assign>
<msg timestamp="20201209 16:07:54.081" level="INFO">${city} = West Amytown</msg>
<status status="PASS" starttime="20201209 16:07:54.081" endtime="20201209 16:07:54.081"></status>
</kw>
<kw name="Postcode" library="FakerLibrary">
<doc>:example 86039-9874</doc>
<assign>
<var>${postal_code}</var>
</assign>
<msg timestamp="20201209 16:07:54.081" level="INFO">${postal_code} = 68154</msg>
<status status="PASS" starttime="20201209 16:07:54.081" endtime="20201209 16:07:54.081"></status>
</kw>
<kw name="Set Variable" library="BuiltIn">
<doc>Returns the given values which can then be assigned to a variables.</doc>
<arguments>
<arg>8573931196</arg>
</arguments>
<assign>
<var>${mobile_phone}</var>
</assign>
<msg timestamp="20201209 16:07:54.082" level="INFO">${mobile_phone} = 8573931196</msg>
<status status="PASS" starttime="20201209 16:07:54.082" endtime="20201209 16:07:54.082"></status>
</kw>
<kw name="Create Dictionary" library="BuiltIn">
<doc>Creates and returns a dictionary based on the given ``items``.</doc>
<arguments>
<arg>name=${name}</arg>
<arg>email=${email}</arg>
<arg>password=${password}</arg>
<arg>address=${address}</arg>
<arg>city=${city}</arg>
<arg>postal_code=${postal_code}</arg>
<arg>mobile_phone=${mobile_phone}</arg>
</arguments>
<assign>
<var>&amp;{user}</var>
</assign>
<msg timestamp="20201209 16:07:54.083" level="INFO">&amp;{user} = { name=Trevor Vasquez | email=trevorvasquez@orbia.ag | password=4LikRX5 | address=519 Christian Port Apt. 207
Port Andreaborough, NV 67112 | city=West Amytown | postal_code=68154 | mobile_phone=857393...</msg>
<status status="PASS" starttime="20201209 16:07:54.082" endtime="20201209 16:07:54.083"></status>
</kw>
<msg timestamp="20201209 16:07:54.083" level="INFO">${user_data} = {'name': 'Trevor Vasquez', 'email': 'trevorvasquez@orbia.ag', 'password': '4LikRX5', 'address': '519 Christian Port Apt. 207\nPort Andreaborough, NV 67112', 'city': 'West Amytown', 'postal_code': '681...</msg>
<status status="PASS" starttime="20201209 16:07:54.075" endtime="20201209 16:07:54.083"></status>
</kw>
<kw name="Set Suite Variable" library="BuiltIn">
<doc>Makes a variable available everywhere within the scope of the current suite.</doc>
<arguments>
<arg>${USER}</arg>
<arg>${user_data}</arg>
</arguments>
<msg timestamp="20201209 16:07:54.085" level="INFO">${USER} = {'name': 'Trevor Vasquez', 'email': 'trevorvasquez@orbia.ag', 'password': '4LikRX5', 'address': '519 Christian Port Apt. 207\nPort Andreaborough, NV 67112', 'city': 'West Amytown', 'postal_code': '681...</msg>
<status status="PASS" starttime="20201209 16:07:54.083" endtime="20201209 16:07:54.085"></status>
</kw>
<kw name="Open Home Page" library="utils_keywords">
<kw name="Open Browser" library="Selenium2Library">
<doc>Opens a new browser instance to the optional ``url``.</doc>
<arguments>
<arg>${PAGE_URL}</arg>
<arg>${BROWSER}</arg>
</arguments>
<msg timestamp="20201209 16:07:54.086" level="INFO">Opening browser 'gc' to base url 'http://automationpractice.com/index.php'.</msg>
<status status="PASS" starttime="20201209 16:07:54.085" endtime="20201209 16:08:01.495"></status>
</kw>
<kw name="Maximize Browser Window" library="Selenium2Library">
<doc>Maximizes current browser window.</doc>
<status status="PASS" starttime="20201209 16:08:01.495" endtime="20201209 16:08:01.613"></status>
</kw>
<kw name="Wait Until Element Is Visible" library="Selenium2Library">
<doc>Waits until the element ``locator`` is visible.</doc>
<arguments>
<arg>${PAGE_INDEX_LOCATOR}</arg>
</arguments>
<status status="PASS" starttime="20201209 16:08:01.613" endtime="20201209 16:08:01.639"></status>
</kw>
<status status="PASS" starttime="20201209 16:07:54.085" endtime="20201209 16:08:01.639"></status>
</kw>
<status status="PASS" starttime="20201209 16:07:54.075" endtime="20201209 16:08:01.639"></status>
</kw>
<kw name="Create User Account" library="utils_keywords">
<arguments>
<arg>${USER}</arg>
</arguments>
<kw name="Open Autenticantion Page" library="utils_keywords">
<kw name="Click If Element Is Visible" library="utils_keywords">
<arguments>
<arg>${SIGN_IN_LINK}</arg>
</arguments>
<kw name="Mouse Over If Element Is Visible" library="utils_keywords">
<arguments>
<arg>${element}</arg>
<arg>${wait_time}</arg>
</arguments>
<kw name="Wait Until Element Is Visible" library="Selenium2Library">
<doc>Waits until the element ``locator`` is visible.</doc>
<arguments>
<arg>${element}</arg>
<arg>${wait_time}</arg>
</arguments>
<status status="PASS" starttime="20201209 16:08:01.642" endtime="20201209 16:08:01.667"></status>
</kw>
<kw name="Mouse Over" library="Selenium2Library">
<doc>Simulates hovering the mouse over the element ``locator``.</doc>
<arguments>
<arg>${element}</arg>
</arguments>
<msg timestamp="20201209 16:08:01.667" level="INFO">Simulating Mouse Over on element '//a[contains(@class, "login")]'.</msg>
<status status="PASS" starttime="20201209 16:08:01.667" endtime="20201209 16:08:01.936"></status>
</kw>
<status status="PASS" starttime="20201209 16:08:01.641" endtime="20201209 16:08:01.937"></status>
</kw>
<kw name="Click Element" library="Selenium2Library">
<doc>Click the element identified by ``locator``.</doc>
<arguments>
<arg>${element}</arg>
</arguments>
<msg timestamp="20201209 16:08:01.938" level="INFO">Clicking element '//a[contains(@class, "login")]'.</msg>
<status status="PASS" starttime="20201209 16:08:01.937" endtime="20201209 16:08:05.689"></status>
</kw>
<status status="PASS" starttime="20201209 16:08:01.640" endtime="20201209 16:08:05.689"></status>
</kw>
<kw name="Wait Until Element Is Visible" library="Selenium2Library">
<doc>Waits until the element ``locator`` is visible.</doc>
<arguments>
<arg>${AUTENTICATION_PAGE_HEADER}</arg>
</arguments>
<status status="PASS" starttime="20201209 16:08:05.689" endtime="20201209 16:08:05.710"></status>
</kw>
<status status="PASS" starttime="20201209 16:08:01.640" endtime="20201209 16:08:05.711"></status>
</kw>
<kw name="Set User Email And Click In Create Account Button" library="create_account_keywords">
<arguments>
<arg>${user.email}</arg>
</arguments>
<kw name="Input Text If Element Is Visible" library="utils_keywords">
<arguments>
<arg>${AUTENTICATION_PAGE_EMAIL_FIELD}</arg>
<arg>${email}</arg>
</arguments>
<kw name="Wait Until Element Is Visible" library="Selenium2Library">
<doc>Waits until the element ``locator`` is visible.</doc>
<arguments>
<arg>${element}</arg>
<arg>${wait_time}</arg>
</arguments>
<status status="PASS" starttime="20201209 16:08:05.711" endtime="20201209 16:08:05.728"></status>
</kw>
<kw name="Input Text" library="Selenium2Library">
<doc>Types the given ``text`` into the text field identified by ``locator``.</doc>
<arguments>
<arg>${element}</arg>
<arg>${text}</arg>
</arguments>
<msg timestamp="20201209 16:08:05.729" level="INFO">Typing text 'trevorvasquez@orbia.ag' into text field 'id:email_create'.</msg>
<status status="PASS" starttime="20201209 16:08:05.728" endtime="20201209 16:08:05.801"></status>
</kw>
<status status="PASS" starttime="20201209 16:08:05.711" endtime="20201209 16:08:05.801"></status>
</kw>
<kw name="Click If Element Is Visible" library="utils_keywords">
<arguments>
<arg>${AUTENTICATION_PAGE_HEADER}</arg>
</arguments>
<kw name="Mouse Over If Element Is Visible" library="utils_keywords">
<arguments>
<arg>${element}</arg>
<arg>${wait_time}</arg>
</arguments>
<kw name="Wait Until Element Is Visible" library="Selenium2Library">
<doc>Waits until the element ``locator`` is visible.</doc>
<arguments>
<arg>${element}</arg>
<arg>${wait_time}</arg>
</arguments>
<status status="PASS" starttime="20201209 16:08:05.802" endtime="20201209 16:08:05.815"></status>
</kw>
<kw name="Mouse Over" library="Selenium2Library">
<doc>Simulates hovering the mouse over the element ``locator``.</doc>
<arguments>
<arg>${element}</arg>
</arguments>
<msg timestamp="20201209 16:08:05.815" level="INFO">Simulating Mouse Over on element '//h1[text()="Authentication"]'.</msg>
<status status="PASS" starttime="20201209 16:08:05.815" endtime="20201209 16:08:06.091"></status>
</kw>
<status status="PASS" starttime="20201209 16:08:05.802" endtime="20201209 16:08:06.092"></status>
</kw>
<kw name="Click Element" library="Selenium2Library">
<doc>Click the element identified by ``locator``.</doc>
<arguments>
<arg>${element}</arg>
</arguments>
<msg timestamp="20201209 16:08:06.093" level="INFO">Clicking element '//h1[text()="Authentication"]'.</msg>
<status status="PASS" starttime="20201209 16:08:06.092" endtime="20201209 16:08:06.217"></status>
</kw>
<status status="PASS" starttime="20201209 16:08:05.801" endtime="20201209 16:08:06.217"></status>
</kw>
<kw name="Wait Until Element Is Visible" library="Selenium2Library">
<doc>Waits until the element ``locator`` is visible.</doc>
<arguments>
<arg>${AUTENTICATION_PAGE_EMAIL_CHECKED}</arg>
</arguments>
<status status="PASS" starttime="20201209 16:08:06.217" endtime="20201209 16:08:06.253"></status>
</kw>
<kw name="Click If Element Is Visible" library="utils_keywords">
<arguments>
<arg>${AUTENTICATION_PAGE_CREATE_ACCOUNT_BUTTON}</arg>
<arg>20s</arg>
</arguments>
<kw name="Mouse Over If Element Is Visible" library="utils_keywords">
<arguments>
<arg>${element}</arg>
<arg>${wait_time}</arg>
</arguments>
<kw name="Wait Until Element Is Visible" library="Selenium2Library">
<doc>Waits until the element ``locator`` is visible.</doc>
<arguments>
<arg>${element}</arg>
<arg>${wait_time}</arg>
</arguments>
<status status="PASS" starttime="20201209 16:08:06.255" endtime="20201209 16:08:06.292"></status>
</kw>
<kw name="Mouse Over" library="Selenium2Library">
<doc>Simulates hovering the mouse over the element ``locator``.</doc>
<arguments>
<arg>${element}</arg>
</arguments>
<msg timestamp="20201209 16:08:06.292" level="INFO">Simulating Mouse Over on element 'id:SubmitCreate'.</msg>
<status status="PASS" starttime="20201209 16:08:06.292" endtime="20201209 16:08:06.576"></status>
</kw>
<status status="PASS" starttime="20201209 16:08:06.254" endtime="20201209 16:08:06.577"></status>
</kw>
<kw name="Click Element" library="Selenium2Library">
<doc>Click the element identified by ``locator``.</doc>
<arguments>
<arg>${element}</arg>
</arguments>
<msg timestamp="20201209 16:08:06.578" level="INFO">Clicking element 'id:SubmitCreate'.</msg>
<status status="PASS" starttime="20201209 16:08:06.577" endtime="20201209 16:08:06.665"></status>
</kw>
<status status="PASS" starttime="20201209 16:08:06.253" endtime="20201209 16:08:06.665"></status>
</kw>
<kw name="Wait Until Element Is Visible" library="Selenium2Library">
<doc>Waits until the element ``locator`` is visible.</doc>
<arguments>
<arg>${ACCOUNT_CREATION_FORM}</arg>
</arguments>
<status status="PASS" starttime="20201209 16:08:06.665" endtime="20201209 16:08:08.455"></status>
</kw>
<status status="PASS" starttime="20201209 16:08:05.711" endtime="20201209 16:08:08.456"></status>
</kw>
<kw name="Set User Personal Information, Address And Click In Register Button" library="create_account_keywords">
<arguments>
<arg>${user}</arg>
<arg>${user_can_receive_especial_offers}</arg>
</arguments>
<kw name="Set User Personal Information" library="create_account_keywords">
<arguments>
<arg>${user}</arg>
<arg>${user_can_receive_especial_offers}</arg>
</arguments>
<kw name="Split String" library="String">
<doc>Splits the ``string`` using ``separator`` as a delimiter string.</doc>
<arguments>
<arg>${user.name}</arg>
</arguments>
<assign>
<var>${first_name}</var>
<var>${last_name}</var>
</assign>
<msg timestamp="20201209 16:08:08.459" level="INFO">${first_name} = Trevor</msg>
<msg timestamp="20201209 16:08:08.460" level="INFO">${last_name} = Vasquez</msg>
<status status="PASS" starttime="20201209 16:08:08.458" endtime="20201209 16:08:08.460"></status>
</kw>
<kw name="Input Text If Element Is Visible" library="utils_keywords">
<arguments>
<arg>${PERSONAL_INFORMATION_FIRST_NAME}</arg>
<arg>${first_name}</arg>
</arguments>
<kw name="Wait Until Element Is Visible" library="Selenium2Library">
<doc>Waits until the element ``locator`` is visible.</doc>
<arguments>
<arg>${element}</arg>
<arg>${wait_time}</arg>
</arguments>
<status status="PASS" starttime="20201209 16:08:08.461" endtime="20201209 16:08:08.495"></status>
</kw>
<kw name="Input Text" library="Selenium2Library">
<doc>Types the given ``text`` into the text field identified by ``locator``.</doc>
<arguments>
<arg>${element}</arg>
<arg>${text}</arg>
</arguments>
<msg timestamp="20201209 16:08:08.495" level="INFO">Typing text 'Trevor' into text field 'id:customer_firstname'.</msg>
<status status="PASS" starttime="20201209 16:08:08.495" endtime="20201209 16:08:08.585"></status>
</kw>
<status status="PASS" starttime="20201209 16:08:08.460" endtime="20201209 16:08:08.586"></status>
</kw>
<kw name="Input Text If Element Is Visible" library="utils_keywords">
<arguments>
<arg>${PERSONAL_INFORMATION_LAST_NAME}</arg>
<arg>${last_name}</arg>
</arguments>
<kw name="Wait Until Element Is Visible" library="Selenium2Library">
<doc>Waits until the element ``locator`` is visible.</doc>
<arguments>
<arg>${element}</arg>
<arg>${wait_time}</arg>
</arguments>
<status status="PASS" starttime="20201209 16:08:08.587" endtime="20201209 16:08:08.608"></status>
</kw>
<kw name="Input Text" library="Selenium2Library">
<doc>Types the given ``text`` into the text field identified by ``locator``.</doc>
<arguments>
<arg>${element}</arg>
<arg>${text}</arg>
</arguments>
<msg timestamp="20201209 16:08:08.608" level="INFO">Typing text 'Vasquez' into text field 'id:customer_lastname'.</msg>
<status status="PASS" starttime="20201209 16:08:08.608" endtime="20201209 16:08:08.688"></status>
</kw>
<status status="PASS" starttime="20201209 16:08:08.586" endtime="20201209 16:08:08.688"></status>
</kw>
<kw name="Check If Email Is Visible In Personal Information Form" library="create_account_keywords">
<arguments>
<arg>${user.email}</arg>
</arguments>
<kw name="Replace String" library="String">
<doc>Replaces ``search_for`` in the given ``string`` with ``replace_with``.</doc>
<arguments>
<arg>${PERSONAL_INFORMATION_EMAIL}</arg>
<arg>$$</arg>
<arg>${user.email}</arg>
</arguments>
<assign>
<var>${email}</var>
</assign>
<msg timestamp="20201209 16:08:08.690" level="INFO">${email} = //input[@id="email" and @value="trevorvasquez@orbia.ag"]</msg>
<status status="PASS" starttime="20201209 16:08:08.689" endtime="20201209 16:08:08.690"></status>
</kw>
<kw name="Wait Until Element Is Visible" library="Selenium2Library">
<doc>Waits until the element ``locator`` is visible.</doc>
<arguments>
<arg>${email}</arg>
</arguments>
<status status="PASS" starttime="20201209 16:08:08.690" endtime="20201209 16:08:08.710"></status>
</kw>
<status status="PASS" starttime="20201209 16:08:08.688" endtime="20201209 16:08:08.710"></status>
</kw>
<kw name="Select Especial Offers Checkbox" library="create_account_keywords">
<arguments>
<arg>${user_can_receive_especial_offers}</arg>
</arguments>
<kw name="Page Should Contain Checkbox" library="Selenium2Library">
<doc>Verifies checkbox ``locator`` is found from the current page.</doc>
<arguments>
<arg>${CHECKBOX_SPECIAL_OFFERS}</arg>
</arguments>
<msg timestamp="20201209 16:08:08.731" level="INFO">Current page contains checkbox 'id:optin'.</msg>
<status status="PASS" starttime="20201209 16:08:08.710" endtime="20201209 16:08:08.731"></status>
</kw>
<kw name="Run Keyword If" library="BuiltIn">
<doc>Runs the given keyword with the given arguments, if ``condition`` is true.</doc>
<arguments>
<arg>'${user_can_receive_especial_offers}' == 'true'</arg>
<arg>Select Checkbox</arg>
<arg>${CHECKBOX_SPECIAL_OFFERS}</arg>
</arguments>
<kw name="Select Checkbox" library="Selenium2Library">
<doc>Selects the checkbox identified by ``locator``.</doc>
<arguments>
<arg>${CHECKBOX_SPECIAL_OFFERS}</arg>
</arguments>
<msg timestamp="20201209 16:08:08.732" level="INFO">Selecting checkbox 'id:optin'.</msg>
<status status="PASS" starttime="20201209 16:08:08.732" endtime="20201209 16:08:08.800"></status>
</kw>
<status status="PASS" starttime="20201209 16:08:08.732" endtime="20201209 16:08:08.800"></status>
</kw>
<kw name="Run Keyword If" library="BuiltIn">
<doc>Runs the given keyword with the given arguments, if ``condition`` is true.</doc>
<arguments>
<arg>'${user_can_receive_especial_offers}' == 'true'</arg>
<arg>Checkbox Should Be Selected</arg>
<arg>${CHECKBOX_SPECIAL_OFFERS}</arg>
</arguments>
<kw name="Checkbox Should Be Selected" library="Selenium2Library">
<doc>Verifies checkbox ``locator`` is selected/checked.</doc>
<arguments>
<arg>${CHECKBOX_SPECIAL_OFFERS}</arg>
</arguments>
<msg timestamp="20201209 16:08:08.801" level="INFO">Verifying checkbox 'id:optin' is selected.</msg>
<status status="PASS" starttime="20201209 16:08:08.800" endtime="20201209 16:08:08.822"></status>
</kw>
<status status="PASS" starttime="20201209 16:08:08.800" endtime="20201209 16:08:08.822"></status>
</kw>
<status status="PASS" starttime="20201209 16:08:08.710" endtime="20201209 16:08:08.822"></status>
</kw>
<status status="PASS" starttime="20201209 16:08:08.457" endtime="20201209 16:08:08.822"></status>
</kw>
<kw name="Set User Address Information" library="create_account_keywords">
<arguments>
<arg>${user}</arg>
</arguments>
<kw name="Split String" library="String">
<doc>Splits the ``string`` using ``separator`` as a delimiter string.</doc>
<arguments>
<arg>${user.name}</arg>
</arguments>
<assign>
<var>${first_name}</var>
<var>${last_name}</var>
</assign>
<msg timestamp="20201209 16:08:08.824" level="INFO">${first_name} = Trevor</msg>
<msg timestamp="20201209 16:08:08.824" level="INFO">${last_name} = Vasquez</msg>
<status status="PASS" starttime="20201209 16:08:08.823" endtime="20201209 16:08:08.824"></status>
</kw>
<kw name="Check Element Attribute" library="utils_keywords">
<arguments>
<arg>${ADDRESS_INFORMATION_FIRST_NAME}</arg>
<arg>${first_name}</arg>
<arg>value</arg>
</arguments>
<kw name="Wait Until Element Is Visible" library="Selenium2Library">
<doc>Waits until the element ``locator`` is visible.</doc>
<arguments>
<arg>${element_locator}</arg>
</arguments>
<status status="PASS" starttime="20201209 16:08:08.825" endtime="20201209 16:08:08.845"></status>
</kw>
<kw name="Get Element Attribute" library="Selenium2Library">
<doc>Returns the value of ``attribute`` from the element ``locator``.</doc>
<arguments>
<arg>${element_locator}</arg>
<arg>${attribute}</arg>
</arguments>
<assign>
<var>${return_value}</var>
</assign>
<msg timestamp="20201209 16:08:08.858" level="INFO">${return_value} = Trevor</msg>
<status status="PASS" starttime="20201209 16:08:08.845" endtime="20201209 16:08:08.858"></status>
</kw>
<kw name="Should Be Equal" library="BuiltIn">
<doc>Fails if the given objects are unequal.</doc>
<arguments>
<arg>${return_value}</arg>
<arg>${expected_value}</arg>
</arguments>
<status status="PASS" starttime="20201209 16:08:08.858" endtime="20201209 16:08:08.859"></status>
</kw>
<status status="PASS" starttime="20201209 16:08:08.824" endtime="20201209 16:08:08.859"></status>
</kw>
<kw name="Check Element Attribute" library="utils_keywords">
<arguments>
<arg>${ADDRESS_INFORMATION_LAST_NAME}</arg>
<arg>${last_name}</arg>
<arg>value</arg>
</arguments>
<kw name="Wait Until Element Is Visible" library="Selenium2Library">
<doc>Waits until the element ``locator`` is visible.</doc>
<arguments>
<arg>${element_locator}</arg>
</arguments>
<status status="PASS" starttime="20201209 16:08:08.860" endtime="20201209 16:08:08.879"></status>
</kw>
<kw name="Get Element Attribute" library="Selenium2Library">
<doc>Returns the value of ``attribute`` from the element ``locator``.</doc>
<arguments>
<arg>${element_locator}</arg>
<arg>${attribute}</arg>
</arguments>
<assign>
<var>${return_value}</var>
</assign>
<msg timestamp="20201209 16:08:08.891" level="INFO">${return_value} = Vasquez</msg>
<status status="PASS" starttime="20201209 16:08:08.879" endtime="20201209 16:08:08.891"></status>
</kw>
<kw name="Should Be Equal" library="BuiltIn">
<doc>Fails if the given objects are unequal.</doc>
<arguments>
<arg>${return_value}</arg>
<arg>${expected_value}</arg>
</arguments>
<status status="PASS" starttime="20201209 16:08:08.891" endtime="20201209 16:08:08.892"></status>
</kw>
<status status="PASS" starttime="20201209 16:08:08.859" endtime="20201209 16:08:08.892"></status>
</kw>
<kw name="Input Text If Element Is Visible" library="utils_keywords">
<arguments>
<arg>${ADDRESS_INFORMATION_ADDRESS}</arg>
<arg>${user.address}</arg>
</arguments>
<kw name="Wait Until Element Is Visible" library="Selenium2Library">
<doc>Waits until the element ``locator`` is visible.</doc>
<arguments>
<arg>${element}</arg>
<arg>${wait_time}</arg>
</arguments>
<status status="PASS" starttime="20201209 16:08:08.893" endtime="20201209 16:08:08.955"></status>
</kw>
<kw name="Input Text" library="Selenium2Library">
<doc>Types the given ``text`` into the text field identified by ``locator``.</doc>
<arguments>
<arg>${element}</arg>
<arg>${text}</arg>
</arguments>
<msg timestamp="20201209 16:08:08.955" level="INFO">Typing text '519 Christian Port Apt. 207
Port Andreaborough, NV 67112' into text field 'id:address1'.</msg>
<status status="PASS" starttime="20201209 16:08:08.955" endtime="20201209 16:08:11.071"></status>
</kw>
<status status="PASS" starttime="20201209 16:08:08.892" endtime="20201209 16:08:11.071"></status>
</kw>
<kw name="Input Text If Element Is Visible" library="utils_keywords">
<arguments>
<arg>${ADDRESS_INFORMATION_CITY}</arg>
<arg>${user.city}</arg>
</arguments>
<kw name="Wait Until Element Is Visible" library="Selenium2Library">
<doc>Waits until the element ``locator`` is visible.</doc>
<arguments>
<arg>${element}</arg>
<arg>${wait_time}</arg>
</arguments>
<status status="PASS" starttime="20201209 16:08:11.072" endtime="20201209 16:08:11.091"></status>
</kw>
<kw name="Input Text" library="Selenium2Library">
<doc>Types the given ``text`` into the text field identified by ``locator``.</doc>
<arguments>
<arg>${element}</arg>
<arg>${text}</arg>
</arguments>
<msg timestamp="20201209 16:08:11.092" level="INFO">Typing text 'West Amytown' into text field 'id:city'.</msg>
<status status="PASS" starttime="20201209 16:08:11.092" endtime="20201209 16:08:11.164"></status>
</kw>
<status status="PASS" starttime="20201209 16:08:11.072" endtime="20201209 16:08:11.164"></status>
</kw>
<kw name="Select User State" library="create_account_keywords">
<kw name="Evaluate" library="BuiltIn">
<doc>Evaluates the given expression in Python and returns the result.</doc>
<arguments>
<arg>random.randint(1, 53)</arg>
</arguments>
<assign>
<var>${random}</var>
</assign>
<msg timestamp="20201209 16:08:11.165" level="INFO">${random} = 25</msg>
<status status="PASS" starttime="20201209 16:08:11.165" endtime="20201209 16:08:11.165"></status>
</kw>
<kw name="Convert To String" library="BuiltIn">
<doc>Converts the given item to a Unicode string.</doc>
<arguments>
<arg>${random}</arg>
</arguments>
<assign>
<var>${random}</var>
</assign>
<msg timestamp="20201209 16:08:11.165" level="INFO">${random} = 25</msg>
<status status="PASS" starttime="20201209 16:08:11.165" endtime="20201209 16:08:11.165"></status>
</kw>
<kw name="Select From List By Value" library="Selenium2Library">
<doc>Selects options from selection list ``locator`` by ``values``.</doc>
<arguments>
<arg>${ADDRESS_INFORMATION_STATE}</arg>
<arg>${random}</arg>
</arguments>
<msg timestamp="20201209 16:08:11.166" level="INFO">Selecting options from selection list '//select[@id="id_state"]' by value 25.</msg>
<status status="PASS" starttime="20201209 16:08:11.166" endtime="20201209 16:08:11.236"></status>
</kw>
<status status="PASS" starttime="20201209 16:08:11.164" endtime="20201209 16:08:11.237"></status>
</kw>
<kw name="Select From List By Value" library="Selenium2Library">
<doc>Selects options from selection list ``locator`` by ``values``.</doc>
<arguments>
<arg>${ADDRESS_INFORMATION_COUNTRY}</arg>
<arg>21</arg>
</arguments>
<msg timestamp="20201209 16:08:11.237" level="INFO">Selecting options from selection list '//select[@id="id_country"]' by value 21.</msg>
<status status="PASS" starttime="20201209 16:08:11.237" endtime="20201209 16:08:11.274"></status>
</kw>
<kw name="Input Text If Element Is Visible" library="utils_keywords">
<arguments>
<arg>${ADDRESS_INFORMATION_POST_CODE}</arg>
<arg>${user.postal_code}</arg>
</arguments>
<kw name="Wait Until Element Is Visible" library="Selenium2Library">
<doc>Waits until the element ``locator`` is visible.</doc>
<arguments>
<arg>${element}</arg>
<arg>${wait_time}</arg>
</arguments>
<status status="PASS" starttime="20201209 16:08:11.274" endtime="20201209 16:08:11.292"></status>
</kw>
<kw name="Input Text" library="Selenium2Library">
<doc>Types the given ``text`` into the text field identified by ``locator``.</doc>
<arguments>
<arg>${element}</arg>
<arg>${text}</arg>
</arguments>
<msg timestamp="20201209 16:08:11.292" level="INFO">Typing text '68154' into text field 'id:postcode'.</msg>
<status status="PASS" starttime="20201209 16:08:11.292" endtime="20201209 16:08:11.370"></status>
</kw>
<status status="PASS" starttime="20201209 16:08:11.274" endtime="20201209 16:08:11.370"></status>
</kw>
<kw name="Input Text If Element Is Visible" library="utils_keywords">
<arguments>
<arg>${ADDRESS_INFORMATION_MOBILE_PHONE}</arg>
<arg>${user.mobile_phone}</arg>
</arguments>
<kw name="Wait Until Element Is Visible" library="Selenium2Library">
<doc>Waits until the element ``locator`` is visible.</doc>
<arguments>
<arg>${element}</arg>
<arg>${wait_time}</arg>
</arguments>
<status status="PASS" starttime="20201209 16:08:11.371" endtime="20201209 16:08:11.389"></status>
</kw>
<kw name="Input Text" library="Selenium2Library">
<doc>Types the given ``text`` into the text field identified by ``locator``.</doc>
<arguments>
<arg>${element}</arg>
<arg>${text}</arg>
</arguments>
<msg timestamp="20201209 16:08:11.389" level="INFO">Typing text '8573931196' into text field 'id:phone_mobile'.</msg>
<status status="PASS" starttime="20201209 16:08:11.389" endtime="20201209 16:08:11.466"></status>
</kw>
<status status="PASS" starttime="20201209 16:08:11.370" endtime="20201209 16:08:11.466"></status>
</kw>
<kw name="Set Password In Personal Information Form" library="create_account_keywords">
<arguments>
<arg>${user.password}</arg>
</arguments>
<kw name="Wait Until Element Is Visible" library="Selenium2Library">
<doc>Waits until the element ``locator`` is visible.</doc>
<arguments>
<arg>${PERSONAL_INFORMATION_PASSWORD}</arg>
</arguments>
<status status="PASS" starttime="20201209 16:08:11.467" endtime="20201209 16:08:11.484"></status>
</kw>
<kw name="Input Password" library="Selenium2Library">
<doc>Types the given password into the text field identified by ``locator``.</doc>
<arguments>
<arg>${PERSONAL_INFORMATION_PASSWORD}</arg>
<arg>${password}</arg>
</arguments>
<msg timestamp="20201209 16:08:11.485" level="INFO">Typing password into text field 'id:passwd'.</msg>
<msg timestamp="20201209 16:08:11.519" level="INFO">Temporally setting log level to: NONE</msg>
<msg timestamp="20201209 16:08:11.560" level="INFO">Log level changed from NONE to INFO.</msg>
<status status="PASS" starttime="20201209 16:08:11.484" endtime="20201209 16:08:11.560"></status>
</kw>
<kw name="Click If Element Is Visible" library="utils_keywords">
<arguments>
<arg>//label[@for="passwd"]</arg>
</arguments>
<kw name="Mouse Over If Element Is Visible" library="utils_keywords">
<arguments>
<arg>${element}</arg>
<arg>${wait_time}</arg>
</arguments>
<kw name="Wait Until Element Is Visible" library="Selenium2Library">
<doc>Waits until the element ``locator`` is visible.</doc>
<arguments>
<arg>${element}</arg>
<arg>${wait_time}</arg>
</arguments>
<status status="PASS" starttime="20201209 16:08:11.561" endtime="20201209 16:08:11.579"></status>
</kw>
<kw name="Mouse Over" library="Selenium2Library">
<doc>Simulates hovering the mouse over the element ``locator``.</doc>
<arguments>
<arg>${element}</arg>
</arguments>
<msg timestamp="20201209 16:08:11.580" level="INFO">Simulating Mouse Over on element '//label[@for="passwd"]'.</msg>
<status status="PASS" starttime="20201209 16:08:11.579" endtime="20201209 16:08:11.858"></status>
</kw>
<status status="PASS" starttime="20201209 16:08:11.561" endtime="20201209 16:08:11.858"></status>
</kw>
<kw name="Click Element" library="Selenium2Library">
<doc>Click the element identified by ``locator``.</doc>
<arguments>
<arg>${element}</arg>
</arguments>
<msg timestamp="20201209 16:08:11.860" level="INFO">Clicking element '//label[@for="passwd"]'.</msg>
<status status="PASS" starttime="20201209 16:08:11.859" endtime="20201209 16:08:11.944"></status>
</kw>
<status status="PASS" starttime="20201209 16:08:11.560" endtime="20201209 16:08:11.945"></status>
</kw>
<kw name="Wait Until Element Is Visible" library="Selenium2Library">
<doc>Waits until the element ``locator`` is visible.</doc>
<arguments>
<arg>//label[@for="passwd"]//ancestor::div[contains(@class, "form-ok")]</arg>
</arguments>
<status status="PASS" starttime="20201209 16:08:11.945" endtime="20201209 16:08:11.962"></status>
</kw>
<status status="PASS" starttime="20201209 16:08:11.466" endtime="20201209 16:08:11.962"></status>
</kw>
<status status="PASS" starttime="20201209 16:08:08.823" endtime="20201209 16:08:11.962"></status>
</kw>
<kw name="Click In Create Account Register Button And Check Register Success" library="create_account_keywords">
<kw name="Click If Element Is Visible" library="utils_keywords">
<arguments>
<arg>${PERSONAL_INFORMATION_REGISTER_BUTTON}</arg>
</arguments>
<kw name="Mouse Over If Element Is Visible" library="utils_keywords">
<arguments>
<arg>${element}</arg>
<arg>${wait_time}</arg>
</arguments>
<kw name="Wait Until Element Is Visible" library="Selenium2Library">
<doc>Waits until the element ``locator`` is visible.</doc>
<arguments>
<arg>${element}</arg>
<arg>${wait_time}</arg>
</arguments>
<status status="PASS" starttime="20201209 16:08:11.963" endtime="20201209 16:08:11.980"></status>
</kw>
<kw name="Mouse Over" library="Selenium2Library">
<doc>Simulates hovering the mouse over the element ``locator``.</doc>
<arguments>
<arg>${element}</arg>
</arguments>
<msg timestamp="20201209 16:08:11.981" level="INFO">Simulating Mouse Over on element 'id:submitAccount'.</msg>
<status status="PASS" starttime="20201209 16:08:11.980" endtime="20201209 16:08:12.258"></status>
</kw>
<status status="PASS" starttime="20201209 16:08:11.963" endtime="20201209 16:08:12.259"></status>
</kw>
<kw name="Click Element" library="Selenium2Library">
<doc>Click the element identified by ``locator``.</doc>
<arguments>
<arg>${element}</arg>
</arguments>
<msg timestamp="20201209 16:08:12.260" level="INFO">Clicking element 'id:submitAccount'.</msg>
<status status="PASS" starttime="20201209 16:08:12.259" endtime="20201209 16:08:14.395"></status>
</kw>
<status status="PASS" starttime="20201209 16:08:11.963" endtime="20201209 16:08:14.396"></status>
</kw>
<kw name="Wait Until Element Is Not Visible" library="Selenium2Library">
<doc>Waits until the element ``locator`` is not visible.</doc>
<arguments>
<arg>${USER_INFORMATION_ERROR_BANNER}</arg>
</arguments>
<status status="PASS" starttime="20201209 16:08:14.396" endtime="20201209 16:08:14.412"></status>
</kw>
<status status="PASS" starttime="20201209 16:08:11.963" endtime="20201209 16:08:14.412"></status>
</kw>
<status status="PASS" starttime="20201209 16:08:08.456" endtime="20201209 16:08:14.412"></status>
</kw>
<kw name="Verify If My Account Page Is Visible" library="create_account_keywords">
<kw name="Wait Until Element Is Visible" library="Selenium2Library">
<doc>Waits until the element ``locator`` is visible.</doc>
<arguments>
<arg>${MY_ACCOUNT_PAGE}</arg>
</arguments>
<status status="PASS" starttime="20201209 16:08:14.413" endtime="20201209 16:08:14.436"></status>
</kw>
<status status="PASS" starttime="20201209 16:08:14.412" endtime="20201209 16:08:14.436"></status>
</kw>
<status status="PASS" starttime="20201209 16:08:01.639" endtime="20201209 16:08:14.436"></status>
</kw>
<status status="PASS" starttime="20201209 16:07:54.075" endtime="20201209 16:08:14.436"></status>
</kw>
<test id="s1-s1-t1" name="Buy Products from Site">
<kw name="Create Product Data" library="products_keywords">
<arguments>
<arg>Dresses</arg>
<arg>Evening Dresses</arg>
<arg>Printed Dress</arg>
<arg>Pink</arg>
<arg>S</arg>
</arguments>
<assign>
<var>${product_1}</var>
</assign>
<kw name="Create Dictionary" library="BuiltIn">
<doc>Creates and returns a dictionary based on the given ``items``.</doc>
<arguments>
<arg>category=${category}</arg>
<arg>sub_category=${sub_category}</arg>
<arg>product_name=${product_name}</arg>
<arg>color=${color}</arg>
<arg>size=${size}</arg>
</arguments>
<assign>
<var>&amp;{product}</var>
</assign>
<msg timestamp="20201209 16:08:14.440" level="INFO">&amp;{product} = { category=Dresses | sub_category=Evening Dresses | product_name=Printed Dress | color=Pink | size=S }</msg>
<status status="PASS" starttime="20201209 16:08:14.439" endtime="20201209 16:08:14.440"></status>
</kw>
<msg timestamp="20201209 16:08:14.440" level="INFO">${product_1} = {'category': 'Dresses', 'sub_category': 'Evening Dresses', 'product_name': 'Printed Dress', 'color': 'Pink', 'size': 'S'}</msg>
<status status="PASS" starttime="20201209 16:08:14.438" endtime="20201209 16:08:14.441"></status>
</kw>
<kw name="Create Product Data" library="products_keywords">
<arguments>
<arg>Dresses</arg>
<arg>Evening Dresses</arg>
<arg>Printed Dress</arg>
<arg>Beige</arg>
<arg>M</arg>
</arguments>
<assign>
<var>${product_2}</var>
</assign>
<kw name="Create Dictionary" library="BuiltIn">
<doc>Creates and returns a dictionary based on the given ``items``.</doc>
<arguments>
<arg>category=${category}</arg>
<arg>sub_category=${sub_category}</arg>
<arg>product_name=${product_name}</arg>
<arg>color=${color}</arg>
<arg>size=${size}</arg>
</arguments>
<assign>
<var>&amp;{product}</var>
</assign>
<msg timestamp="20201209 16:08:14.443" level="INFO">&amp;{product} = { category=Dresses | sub_category=Evening Dresses | product_name=Printed Dress | color=Beige | size=M }</msg>
<status status="PASS" starttime="20201209 16:08:14.442" endtime="20201209 16:08:14.443"></status>
</kw>
<msg timestamp="20201209 16:08:14.444" level="INFO">${product_2} = {'category': 'Dresses', 'sub_category': 'Evening Dresses', 'product_name': 'Printed Dress', 'color': 'Beige', 'size': 'M'}</msg>
<status status="PASS" starttime="20201209 16:08:14.441" endtime="20201209 16:08:14.444"></status>
</kw>
<kw name="Find Product" library="products_keywords">
<arguments>
<arg>${product_1}</arg>
</arguments>
<kw name="Open Dresses Product Submenu" library="products_keywords">
<arguments>
<arg>${product.category}</arg>
</arguments>
<kw name="Mouse Over If Element Is Visible" library="utils_keywords">
<arguments>
<arg>${PRODUCTS_TOP_MENU_ITEMS}[${menu}]</arg>
</arguments>
<kw name="Wait Until Element Is Visible" library="Selenium2Library">
<doc>Waits until the element ``locator`` is visible.</doc>
<arguments>
<arg>${element}</arg>
<arg>${wait_time}</arg>
</arguments>
<status status="PASS" starttime="20201209 16:08:14.447" endtime="20201209 16:08:14.468"></status>
</kw>
<kw name="Mouse Over" library="Selenium2Library">
<doc>Simulates hovering the mouse over the element ``locator``.</doc>
<arguments>
<arg>${element}</arg>
</arguments>
<msg timestamp="20201209 16:08:14.468" level="INFO">Simulating Mouse Over on element '(//div[@id="block_top_menu"]//a[text()="Dresses"])[2]'.</msg>
<status status="PASS" starttime="20201209 16:08:14.468" endtime="20201209 16:08:14.736"></status>
</kw>
<status status="PASS" starttime="20201209 16:08:14.446" endtime="20201209 16:08:14.737"></status>
</kw>
<kw name="Replace String" library="String">
<doc>Replaces ``search_for`` in the given ``string`` with ``replace_with``.</doc>
<arguments>
<arg>${PRODUCTS_TOP_MENU_ITEM_HOVER}</arg>
<arg>$$</arg>
<arg>${menu}</arg>
</arguments>
<assign>
<var>${hover_menu}</var>
</assign>
<msg timestamp="20201209 16:08:14.739" level="INFO">${hover_menu} = //a[@title="Dresses"]//ancestor::li[contains(@class,"sfHover")]</msg>
<status status="PASS" starttime="20201209 16:08:14.737" endtime="20201209 16:08:14.739"></status>
</kw>
<kw name="Wait Until Element Is Visible" library="Selenium2Library">
<doc>Waits until the element ``locator`` is visible.</doc>
<arguments>
<arg>${hover_menu}</arg>
</arguments>
<status status="PASS" starttime="20201209 16:08:14.740" endtime="20201209 16:08:14.790"></status>
</kw>
<status status="PASS" starttime="20201209 16:08:14.445" endtime="20201209 16:08:14.790"></status>
</kw>
<kw name="Select Product Submenu Item" library="products_keywords">
<arguments>
<arg>${product.category}</arg>
<arg>${product.sub_category}</arg>
</arguments>
<kw name="String Replace" library="utils_keywords">
<doc>Replaces the ocurrences of '$$' for the respective strings.</doc>
<arguments>
<arg>${PRODUCTS_TOP_MENU_SUBMENU_ITEMS}</arg>
<arg>${menu}</arg>
<arg>${sub_menu_item}</arg>
</arguments>
<assign>
<var>${submenu}</var>
</assign>
<kw name="${string} IN [ @{replacement_strings} ]" type="for">
<kw name="${string} = Dresses" type="foritem">
<kw name="Replace String" library="String">
<doc>Replaces ``search_for`` in the given ``string`` with ``replace_with``.</doc>
<arguments>
<arg>${template_string}</arg>
<arg>$$</arg>
<arg>${string}</arg>
<arg>count=1</arg>
</arguments>
<assign>
<var>${template_string}</var>
</assign>
<msg timestamp="20201209 16:08:14.794" level="INFO">${template_string} = //a[@title="Dresses"]//ancestor::li[contains(@class,"sfHover")]//a[@title="$$"]</msg>
<status status="PASS" starttime="20201209 16:08:14.793" endtime="20201209 16:08:14.794"></status>
</kw>
<status status="PASS" starttime="20201209 16:08:14.793" endtime="20201209 16:08:14.794"></status>
</kw>
<kw name="${string} = Evening Dresses" type="foritem">
<kw name="Replace String" library="String">
<doc>Replaces ``search_for`` in the given ``string`` with ``replace_with``.</doc>
<arguments>
<arg>${template_string}</arg>
<arg>$$</arg>
<arg>${string}</arg>
<arg>count=1</arg>
</arguments>
<assign>
<var>${template_string}</var>
</assign>
<msg timestamp="20201209 16:08:14.795" level="INFO">${template_string} = //a[@title="Dresses"]//ancestor::li[contains(@class,"sfHover")]//a[@title="Evening Dresses"]</msg>
<status status="PASS" starttime="20201209 16:08:14.794" endtime="20201209 16:08:14.795"></status>
</kw>
<status status="PASS" starttime="20201209 16:08:14.794" endtime="20201209 16:08:14.795"></status>
</kw>
<status status="PASS" starttime="20201209 16:08:14.793" endtime="20201209 16:08:14.795"></status>
</kw>
<msg timestamp="20201209 16:08:14.795" level="INFO">${submenu} = //a[@title="Dresses"]//ancestor::li[contains(@class,"sfHover")]//a[@title="Evening Dresses"]</msg>
<status status="PASS" starttime="20201209 16:08:14.791" endtime="20201209 16:08:14.795"></status>
</kw>
<kw name="Replace String" library="String">
<doc>Replaces ``search_for`` in the given ``string`` with ``replace_with``.</doc>
<arguments>
<arg>${PRODUCTS_SUBMENU_HEADER}</arg>
<arg>$$</arg>
<arg>${sub_menu_item}</arg>
</arguments>
<assign>
<var>${header}</var>
</assign>
<msg timestamp="20201209 16:08:14.796" level="INFO">${header} = //h1[contains(@class, "page-heading")]//span[contains(normalize-space(), "Evening Dresses")]</msg>
<status status="PASS" starttime="20201209 16:08:14.796" endtime="20201209 16:08:14.796"></status>
</kw>
<kw name="Click If Element Is Visible" library="utils_keywords">
<arguments>
<arg>${submenu}</arg>
</arguments>
<kw name="Mouse Over If Element Is Visible" library="utils_keywords">
<arguments>
<arg>${element}</arg>
<arg>${wait_time}</arg>
</arguments>
<kw name="Wait Until Element Is Visible" library="Selenium2Library">
<doc>Waits until the element ``locator`` is visible.</doc>
<arguments>
<arg>${element}</arg>
<arg>${wait_time}</arg>
</arguments>
<status status="PASS" starttime="20201209 16:08:14.798" endtime="20201209 16:08:14.823"></status>
</kw>
<kw name="Mouse Over" library="Selenium2Library">
<doc>Simulates hovering the mouse over the element ``locator``.</doc>
<arguments>
<arg>${element}</arg>
</arguments>
<msg timestamp="20201209 16:08:14.824" level="INFO">Simulating Mouse Over on element '//a[@title="Dresses"]//ancestor::li[contains(@class,"sfHover")]//a[@title="Evening Dresses"]'.</msg>
<status status="PASS" starttime="20201209 16:08:14.823" endtime="20201209 16:08:15.108"></status>
</kw>
<status status="PASS" starttime="20201209 16:08:14.797" endtime="20201209 16:08:15.109"></status>
</kw>
<kw name="Click Element" library="Selenium2Library">
<doc>Click the element identified by ``locator``.</doc>
<arguments>
<arg>${element}</arg>
</arguments>
<msg timestamp="20201209 16:08:15.111" level="INFO">Clicking element '//a[@title="Dresses"]//ancestor::li[contains(@class,"sfHover")]//a[@title="Evening Dresses"]'.</msg>
<status status="PASS" starttime="20201209 16:08:15.110" endtime="20201209 16:08:18.100"></status>
</kw>
<status status="PASS" starttime="20201209 16:08:14.796" endtime="20201209 16:08:18.100"></status>
</kw>
<kw name="Wait Until Element Is Visible" library="Selenium2Library">
<doc>Waits until the element ``locator`` is visible.</doc>
<arguments>
<arg>${header}</arg>
</arguments>
<status status="PASS" starttime="20201209 16:08:18.100" endtime="20201209 16:08:18.131"></status>
</kw>
<status status="PASS" starttime="20201209 16:08:14.790" endtime="20201209 16:08:18.131"></status>
</kw>
<kw name="Select Product In Grid" library="products_keywords">
<arguments>
<arg>${product.product_name}</arg>
<arg>${product.color}</arg>
<arg>${product.size}</arg>
</arguments>
<kw name="Replace String" library="String">
<doc>Replaces ``search_for`` in the given ``string`` with ``replace_with``.</doc>
<arguments>
<arg>${PRODUCT_ITEM}</arg>
<arg>$$</arg>
<arg>${product}</arg>
</arguments>
<assign>
<var>${item}</var>
</assign>
<msg timestamp="20201209 16:08:18.133" level="INFO">${item} = //a[@title="Printed Dress"]//ancestor::div[contains(@class, "product-image-container")]</msg>
<status status="PASS" starttime="20201209 16:08:18.133" endtime="20201209 16:08:18.133"></status>
</kw>
<kw name="Replace String" library="String">
<doc>Replaces ``search_for`` in the given ``string`` with ``replace_with``.</doc>
<arguments>
<arg>${PRODUCT_ITEM_MORE_DETAILS}</arg>
<arg>$$</arg>
<arg>${product}</arg>
</arguments>
<assign>
<var>${item_details}</var>
</assign>
<msg timestamp="20201209 16:08:18.134" level="INFO">${item_details} = //a[@title="Printed Dress"]//ancestor::div[contains(@class, "product-container")]//a[@title="View"]</msg>
<status status="PASS" starttime="20201209 16:08:18.133" endtime="20201209 16:08:18.134"></status>
</kw>
<kw name="Replace String" library="String">
<doc>Replaces ``search_for`` in the given ``string`` with ``replace_with``.</doc>
<arguments>
<arg>${PRODUCT_DETAILS_IMAGE}</arg>
<arg>$$</arg>
<arg>${product}</arg>
</arguments>
<assign>
<var>${image_details}</var>
</assign>
<msg timestamp="20201209 16:08:18.134" level="INFO">${image_details} = //span[@id="view_full_size"]//img[@title="Printed Dress"]</msg>
<status status="PASS" starttime="20201209 16:08:18.134" endtime="20201209 16:08:18.134"></status>
</kw>
<kw name="Mouse Over If Element Is Visible" library="utils_keywords">
<arguments>
<arg>${item}</arg>
</arguments>
<kw name="Wait Until Element Is Visible" library="Selenium2Library">
<doc>Waits until the element ``locator`` is visible.</doc>
<arguments>
<arg>${element}</arg>
<arg>${wait_time}</arg>
</arguments>
<status status="PASS" starttime="20201209 16:08:18.135" endtime="20201209 16:08:18.162"></status>
</kw>
<kw name="Mouse Over" library="Selenium2Library">
<doc>Simulates hovering the mouse over the element ``locator``.</doc>
<arguments>
<arg>${element}</arg>
</arguments>
<msg timestamp="20201209 16:08:18.163" level="INFO">Simulating Mouse Over on element '//a[@title="Printed Dress"]//ancestor::div[contains(@class, "product-image-container")]'.</msg>
<status status="PASS" starttime="20201209 16:08:18.163" endtime="20201209 16:08:18.440"></status>
</kw>
<status status="PASS" starttime="20201209 16:08:18.135" endtime="20201209 16:08:18.441"></status>
</kw>
<kw name="Click If Element Is Visible" library="utils_keywords">
<arguments>
<arg>${item_details}</arg>
</arguments>
<kw name="Mouse Over If Element Is Visible" library="utils_keywords">
<arguments>
<arg>${element}</arg>
<arg>${wait_time}</arg>
</arguments>
<kw name="Wait Until Element Is Visible" library="Selenium2Library">
<doc>Waits until the element ``locator`` is visible.</doc>
<arguments>
<arg>${element}</arg>
<arg>${wait_time}</arg>
</arguments>
<status status="PASS" starttime="20201209 16:08:18.445" endtime="20201209 16:08:18.489"></status>
</kw>
<kw name="Mouse Over" library="Selenium2Library">
<doc>Simulates hovering the mouse over the element ``locator``.</doc>
<arguments>
<arg>${element}</arg>
</arguments>
<msg timestamp="20201209 16:08:18.489" level="INFO">Simulating Mouse Over on element '//a[@title="Printed Dress"]//ancestor::div[contains(@class, "product-container")]//a[@title="View"]'.</msg>
<status status="PASS" starttime="20201209 16:08:18.489" endtime="20201209 16:08:18.759"></status>
</kw>
<status status="PASS" starttime="20201209 16:08:18.443" endtime="20201209 16:08:18.760"></status>
</kw>
<kw name="Click Element" library="Selenium2Library">
<doc>Click the element identified by ``locator``.</doc>
<arguments>
<arg>${element}</arg>
</arguments>
<msg timestamp="20201209 16:08:18.762" level="INFO">Clicking element '//a[@title="Printed Dress"]//ancestor::div[contains(@class, "product-container")]//a[@title="View"]'.</msg>
<status status="PASS" starttime="20201209 16:08:18.761" endtime="20201209 16:08:23.167"></status>
</kw>
<status status="PASS" starttime="20201209 16:08:18.442" endtime="20201209 16:08:23.168"></status>
</kw>
<kw name="Wait Until Element Is Visible" library="Selenium2Library">
<doc>Waits until the element ``locator`` is visible.</doc>
<arguments>
<arg>${image_details}</arg>
</arguments>
<status status="PASS" starttime="20201209 16:08:23.168" endtime="20201209 16:08:23.195"></status>
</kw>
<status status="PASS" starttime="20201209 16:08:18.132" endtime="20201209 16:08:23.195"></status>
</kw>
<status status="PASS" starttime="20201209 16:08:14.444" endtime="20201209 16:08:23.195"></status>
</kw>
<kw name="Add Product To Car" library="products_keywords">
<arguments>
<arg>${product_1}</arg>
</arguments>
<kw name="Select Product Color" library="products_keywords">
<arguments>
<arg>${product.color}</arg>
</arguments>
<kw name="Replace String" library="String">
<doc>Replaces ``search_for`` in the given ``string`` with ``replace_with``.</doc>
<arguments>
<arg>${PRODUCT_COLOR}</arg>
<arg>$$</arg>
<arg>${color}</arg>
</arguments>
<assign>
<var>${item}</var>
</assign>
<msg timestamp="20201209 16:08:23.197" level="INFO">${item} = //ul[@id="color_to_pick_list"]//a[@title="Pink"]</msg>
<status status="PASS" starttime="20201209 16:08:23.196" endtime="20201209 16:08:23.197"></status>
</kw>
<kw name="Replace String" library="String">
<doc>Replaces ``search_for`` in the given ``string`` with ``replace_with``.</doc>
<arguments>
<arg>${SELECTED_PRODUCT_COLOR}</arg>
<arg>$$</arg>
<arg>${color}</arg>
</arguments>
<assign>
<var>${selected_item}</var>
</assign>
<msg timestamp="20201209 16:08:23.197" level="INFO">${selected_item} = //li[contains(@class, "selected")]//a[@title="Pink"]</msg>
<status status="PASS" starttime="20201209 16:08:23.197" endtime="20201209 16:08:23.197"></status>
</kw>
<kw name="Click If Element Is Visible" library="utils_keywords">
<arguments>
<arg>${item}</arg>
</arguments>
<kw name="Mouse Over If Element Is Visible" library="utils_keywords">
<arguments>
<arg>${element}</arg>
<arg>${wait_time}</arg>
</arguments>
<kw name="Wait Until Element Is Visible" library="Selenium2Library">
<doc>Waits until the element ``locator`` is visible.</doc>
<arguments>
<arg>${element}</arg>
<arg>${wait_time}</arg>
</arguments>
<status status="PASS" starttime="20201209 16:08:23.198" endtime="20201209 16:08:23.217"></status>
</kw>
<kw name="Mouse Over" library="Selenium2Library">
<doc>Simulates hovering the mouse over the element ``locator``.</doc>
<arguments>
<arg>${element}</arg>
</arguments>
<msg timestamp="20201209 16:08:23.217" level="INFO">Simulating Mouse Over on element '//ul[@id="color_to_pick_list"]//a[@title="Pink"]'.</msg>
<status status="PASS" starttime="20201209 16:08:23.217" endtime="20201209 16:08:23.486"></status>
</kw>
<status status="PASS" starttime="20201209 16:08:23.198" endtime="20201209 16:08:23.487"></status>
</kw>
<kw name="Click Element" library="Selenium2Library">
<doc>Click the element identified by ``locator``.</doc>
<arguments>
<arg>${element}</arg>
</arguments>
<msg timestamp="20201209 16:08:23.489" level="INFO">Clicking element '//ul[@id="color_to_pick_list"]//a[@title="Pink"]'.</msg>
<status status="PASS" starttime="20201209 16:08:23.487" endtime="20201209 16:08:23.588"></status>
</kw>
<status status="PASS" starttime="20201209 16:08:23.197" endtime="20201209 16:08:23.588"></status>
</kw>
<kw name="Wait Until Element Is Visible" library="Selenium2Library">
<doc>Waits until the element ``locator`` is visible.</doc>
<arguments>
<arg>${selected_item}</arg>
</arguments>
<status status="PASS" starttime="20201209 16:08:23.588" endtime="20201209 16:08:23.854"></status>
</kw>
<status status="PASS" starttime="20201209 16:08:23.196" endtime="20201209 16:08:23.855"></status>
</kw>
<kw name="Select Product Size" library="products_keywords">
<doc>value: S = 1
value: M = 2
value: L = 3</doc>
<arguments>
<arg>${product.size}</arg>
</arguments>
<kw name="Replace String" library="String">
<doc>Replaces ``search_for`` in the given ``string`` with ``replace_with``.</doc>
<arguments>
<arg>${DRESS_SIZE_ITEM}</arg>
<arg>$$</arg>
<arg>${size}</arg>
</arguments>
<assign>
<var>${size_item}</var>
</assign>
<msg timestamp="20201209 16:08:23.860" level="INFO">${size_item} = //div[@id="uniform-group_1"]//span[normalize-space()="S"]</msg>
<status status="PASS" starttime="20201209 16:08:23.858" endtime="20201209 16:08:23.860"></status>
</kw>
<kw name="Select From List By Value" library="Selenium2Library">
<doc>Selects options from selection list ``locator`` by ``values``.</doc>
<arguments>
<arg>${DRESS_SIZE_DROPDOWN}</arg>
<arg>${DRESS_SIZE_ITEMS}[${size}]</arg>
</arguments>
<msg timestamp="20201209 16:08:23.863" level="INFO">Selecting options from selection list '//select[@id="group_1"]' by value 1.</msg>
<status status="PASS" starttime="20201209 16:08:23.861" endtime="20201209 16:08:23.932"></status>
</kw>
<kw name="Wait Until Element Is Visible" library="Selenium2Library">
<doc>Waits until the element ``locator`` is visible.</doc>
<arguments>
<arg>${size_item}</arg>
</arguments>
<status status="PASS" starttime="20201209 16:08:23.932" endtime="20201209 16:08:23.952"></status>
</kw>
<status status="PASS" starttime="20201209 16:08:23.855" endtime="20201209 16:08:23.952"></status>
</kw>
<kw name="Click If Element Is Visible" library="utils_keywords">
<arguments>
<arg>${ADDED_TO_CARD_MODAL_BUTTON}</arg>
</arguments>
<kw name="Mouse Over If Element Is Visible" library="utils_keywords">
<arguments>
<arg>${element}</arg>
<arg>${wait_time}</arg>
</arguments>
<kw name="Wait Until Element Is Visible" library="Selenium2Library">
<doc>Waits until the element ``locator`` is visible.</doc>
<arguments>
<arg>${element}</arg>
<arg>${wait_time}</arg>
</arguments>
<status status="PASS" starttime="20201209 16:08:23.954" endtime="20201209 16:08:23.972"></status>
</kw>
<kw name="Mouse Over" library="Selenium2Library">
<doc>Simulates hovering the mouse over the element ``locator``.</doc>
<arguments>
<arg>${element}</arg>
</arguments>
<msg timestamp="20201209 16:08:23.972" level="INFO">Simulating Mouse Over on element 'id:add_to_cart'.</msg>
<status status="PASS" starttime="20201209 16:08:23.972" endtime="20201209 16:08:24.241"></status>
</kw>
<status status="PASS" starttime="20201209 16:08:23.953" endtime="20201209 16:08:24.241"></status>
</kw>
<kw name="Click Element" library="Selenium2Library">
<doc>Click the element identified by ``locator``.</doc>
<arguments>
<arg>${element}</arg>
</arguments>
<msg timestamp="20201209 16:08:24.243" level="INFO">Clicking element 'id:add_to_cart'.</msg>
<status status="PASS" starttime="20201209 16:08:24.242" endtime="20201209 16:08:24.318"></status>
</kw>
<status status="PASS" starttime="20201209 16:08:23.952" endtime="20201209 16:08:24.318"></status>
</kw>
<kw name="Wait Until Element Is Visible" library="Selenium2Library">
<doc>Waits until the element ``locator`` is visible.</doc>
<arguments>
<arg>${ADDED_TO_CARD_MODAL_SUCCESS_MESSAGE}</arg>
</arguments>
<status status="PASS" starttime="20201209 16:08:24.318" endtime="20201209 16:08:25.072"></status>
</kw>
<kw name="Wait Until Element Is Visible" library="Selenium2Library">
<doc>Waits until the element ``locator`` is visible.</doc>
<arguments>
<arg>${ADDED_TO_CARD_MODAL_PRODUCT_TITLE}</arg>
</arguments>
<status status="PASS" starttime="20201209 16:08:25.072" endtime="20201209 16:08:25.102"></status>
</kw>
<kw name="Element Should Contain" library="Selenium2Library">
<doc>Verifies that element ``locator`` contains text ``expected``.</doc>
<arguments>
<arg>${ADDED_TO_CARD_MODAL_PRODUCT_TITLE}</arg>
<arg>${product.product_name}</arg>
</arguments>
<msg timestamp="20201209 16:08:25.130" level="INFO">Element '//span[@id="layer_cart_product_title"]' contains text 'Printed Dress'.</msg>
<status status="PASS" starttime="20201209 16:08:25.102" endtime="20201209 16:08:25.130"></status>
</kw>
<kw name="String Replace" library="utils_keywords">
<doc>Replaces the ocurrences of '$$' for the respective strings.</doc>
<arguments>
<arg>${ADDED_TO_CARD_PRODUCT_COLOR_SIZE}</arg>
<arg>${product.color}</arg>
<arg>${product.size}</arg>
</arguments>
<assign>
<var>${color_size}</var>
</assign>
<kw name="${string} IN [ @{replacement_strings} ]" type="for">
<kw name="${string} = Pink" type="foritem">
<kw name="Replace String" library="String">
<doc>Replaces ``search_for`` in the given ``string`` with ``replace_with``.</doc>
<arguments>
<arg>${template_string}</arg>
<arg>$$</arg>
<arg>${string}</arg>
<arg>count=1</arg>
</arguments>
<assign>
<var>${template_string}</var>
</assign>
<msg timestamp="20201209 16:08:25.132" level="INFO">${template_string} = //span[@id="layer_cart_product_attributes" and normalize-space()="Pink, $$"]</msg>
<status status="PASS" starttime="20201209 16:08:25.131" endtime="20201209 16:08:25.132"></status>
</kw>
<status status="PASS" starttime="20201209 16:08:25.131" endtime="20201209 16:08:25.132"></status>
</kw>
<kw name="${string} = S" type="foritem">
<kw name="Replace String" library="String">
<doc>Replaces ``search_for`` in the given ``string`` with ``replace_with``.</doc>
<arguments>
<arg>${template_string}</arg>
<arg>$$</arg>
<arg>${string}</arg>
<arg>count=1</arg>
</arguments>
<assign>
<var>${template_string}</var>
</assign>
<msg timestamp="20201209 16:08:25.133" level="INFO">${template_string} = //span[@id="layer_cart_product_attributes" and normalize-space()="Pink, S"]</msg>
<status status="PASS" starttime="20201209 16:08:25.132" endtime="20201209 16:08:25.133"></status>
</kw>
<status status="PASS" starttime="20201209 16:08:25.132" endtime="20201209 16:08:25.133"></status>
</kw>
<status status="PASS" starttime="20201209 16:08:25.131" endtime="20201209 16:08:25.133"></status>
</kw>
<msg timestamp="20201209 16:08:25.133" level="INFO">${color_size} = //span[@id="layer_cart_product_attributes" and normalize-space()="Pink, S"]</msg>
<status status="PASS" starttime="20201209 16:08:25.130" endtime="20201209 16:08:25.133"></status>
</kw>
<kw name="Wait Until Element Is Visible" library="Selenium2Library">
<doc>Waits until the element ``locator`` is visible.</doc>
<arguments>
<arg>${color_size}</arg>
</arguments>
<status status="PASS" starttime="20201209 16:08:25.133" endtime="20201209 16:08:25.154"></status>
</kw>
<status status="PASS" starttime="20201209 16:08:23.195" endtime="20201209 16:08:25.154"></status>
</kw>
<kw name="Continue Shopping" library="products_keywords">
<kw name="Click If Element Is Visible" library="utils_keywords">
<arguments>
<arg>${CONTINUE_SHOPPING}</arg>
</arguments>
<kw name="Mouse Over If Element Is Visible" library="utils_keywords">
<arguments>
<arg>${element}</arg>
<arg>${wait_time}</arg>
</arguments>
<kw name="Wait Until Element Is Visible" library="Selenium2Library">
<doc>Waits until the element ``locator`` is visible.</doc>
<arguments>
<arg>${element}</arg>
<arg>${wait_time}</arg>
</arguments>
<status status="PASS" starttime="20201209 16:08:25.156" endtime="20201209 16:08:25.175"></status>
</kw>
<kw name="Mouse Over" library="Selenium2Library">
<doc>Simulates hovering the mouse over the element ``locator``.</doc>
<arguments>
<arg>${element}</arg>
</arguments>
<msg timestamp="20201209 16:08:25.175" level="INFO">Simulating Mouse Over on element '//span[@title="Continue shopping"]'.</msg>
<status status="PASS" starttime="20201209 16:08:25.175" endtime="20201209 16:08:25.457"></status>
</kw>
<status status="PASS" starttime="20201209 16:08:25.155" endtime="20201209 16:08:25.457"></status>
</kw>
<kw name="Click Element" library="Selenium2Library">
<doc>Click the element identified by ``locator``.</doc>
<arguments>
<arg>${element}</arg>
</arguments>
<msg timestamp="20201209 16:08:25.458" level="INFO">Clicking element '//span[@title="Continue shopping"]'.</msg>
<status status="PASS" starttime="20201209 16:08:25.457" endtime="20201209 16:08:25.517"></status>
</kw>
<status status="PASS" starttime="20201209 16:08:25.155" endtime="20201209 16:08:25.517"></status>
</kw>
<status status="PASS" starttime="20201209 16:08:25.154" endtime="20201209 16:08:25.517"></status>
</kw>
<kw name="Add Product To Car" library="products_keywords">
<arguments>
<arg>${product_2}</arg>
</arguments>
<kw name="Select Product Color" library="products_keywords">
<arguments>
<arg>${product.color}</arg>
</arguments>
<kw name="Replace String" library="String">
<doc>Replaces ``search_for`` in the given ``string`` with ``replace_with``.</doc>
<arguments>
<arg>${PRODUCT_COLOR}</arg>
<arg>$$</arg>
<arg>${color}</arg>
</arguments>
<assign>
<var>${item}</var>
</assign>
<msg timestamp="20201209 16:08:25.520" level="INFO">${item} = //ul[@id="color_to_pick_list"]//a[@title="Beige"]</msg>
<status status="PASS" starttime="20201209 16:08:25.519" endtime="20201209 16:08:25.520"></status>
</kw>
<kw name="Replace String" library="String">
<doc>Replaces ``search_for`` in the given ``string`` with ``replace_with``.</doc>
<arguments>
<arg>${SELECTED_PRODUCT_COLOR}</arg>
<arg>$$</arg>
<arg>${color}</arg>
</arguments>
<assign>
<var>${selected_item}</var>
</assign>
<msg timestamp="20201209 16:08:25.521" level="INFO">${selected_item} = //li[contains(@class, "selected")]//a[@title="Beige"]</msg>
<status status="PASS" starttime="20201209 16:08:25.520" endtime="20201209 16:08:25.521"></status>
</kw>
<kw name="Click If Element Is Visible" library="utils_keywords">
<arguments>
<arg>${item}</arg>
</arguments>
<kw name="Mouse Over If Element Is Visible" library="utils_keywords">
<arguments>
<arg>${element}</arg>
<arg>${wait_time}</arg>
</arguments>
<kw name="Wait Until Element Is Visible" library="Selenium2Library">
<doc>Waits until the element ``locator`` is visible.</doc>
<arguments>
<arg>${element}</arg>
<arg>${wait_time}</arg>
</arguments>
<status status="PASS" starttime="20201209 16:08:25.522" endtime="20201209 16:08:25.553"></status>
</kw>
<kw name="Mouse Over" library="Selenium2Library">
<doc>Simulates hovering the mouse over the element ``locator``.</doc>
<arguments>
<arg>${element}</arg>
</arguments>
<msg timestamp="20201209 16:08:25.555" level="INFO">Simulating Mouse Over on element '//ul[@id="color_to_pick_list"]//a[@title="Beige"]'.</msg>
<status status="PASS" starttime="20201209 16:08:25.554" endtime="20201209 16:08:25.844"></status>
</kw>
<status status="PASS" starttime="20201209 16:08:25.522" endtime="20201209 16:08:25.845"></status>
</kw>
<kw name="Click Element" library="Selenium2Library">
<doc>Click the element identified by ``locator``.</doc>
<arguments>
<arg>${element}</arg>
</arguments>
<msg timestamp="20201209 16:08:25.846" level="INFO">Clicking element '//ul[@id="color_to_pick_list"]//a[@title="Beige"]'.</msg>
<status status="PASS" starttime="20201209 16:08:25.845" endtime="20201209 16:08:25.955"></status>
</kw>
<status status="PASS" starttime="20201209 16:08:25.521" endtime="20201209 16:08:25.955"></status>
</kw>
<kw name="Wait Until Element Is Visible" library="Selenium2Library">
<doc>Waits until the element ``locator`` is visible.</doc>
<arguments>
<arg>${selected_item}</arg>
</arguments>
<status status="PASS" starttime="20201209 16:08:25.955" endtime="20201209 16:08:26.458"></status>
</kw>
<status status="PASS" starttime="20201209 16:08:25.518" endtime="20201209 16:08:26.458"></status>
</kw>
<kw name="Select Product Size" library="products_keywords">
<doc>value: S = 1
value: M = 2
value: L = 3</doc>
<arguments>
<arg>${product.size}</arg>
</arguments>
<kw name="Replace String" library="String">
<doc>Replaces ``search_for`` in the given ``string`` with ``replace_with``.</doc>
<arguments>
<arg>${DRESS_SIZE_ITEM}</arg>
<arg>$$</arg>
<arg>${size}</arg>
</arguments>
<assign>
<var>${size_item}</var>
</assign>
<msg timestamp="20201209 16:08:26.461" level="INFO">${size_item} = //div[@id="uniform-group_1"]//span[normalize-space()="M"]</msg>
<status status="PASS" starttime="20201209 16:08:26.460" endtime="20201209 16:08:26.461"></status>
</kw>
<kw name="Select From List By Value" library="Selenium2Library">
<doc>Selects options from selection list ``locator`` by ``values``.</doc>
<arguments>
<arg>${DRESS_SIZE_DROPDOWN}</arg>
<arg>${DRESS_SIZE_ITEMS}[${size}]</arg>
</arguments>
<msg timestamp="20201209 16:08:26.462" level="INFO">Selecting options from selection list '//select[@id="group_1"]' by value 2.</msg>
<status status="PASS" starttime="20201209 16:08:26.461" endtime="20201209 16:08:26.606"></status>
</kw>
<kw name="Wait Until Element Is Visible" library="Selenium2Library">
<doc>Waits until the element ``locator`` is visible.</doc>
<arguments>
<arg>${size_item}</arg>
</arguments>
<status status="PASS" starttime="20201209 16:08:26.606" endtime="20201209 16:08:26.623"></status>
</kw>
<status status="PASS" starttime="20201209 16:08:26.458" endtime="20201209 16:08:26.623"></status>
</kw>
<kw name="Click If Element Is Visible" library="utils_keywords">
<arguments>
<arg>${ADDED_TO_CARD_MODAL_BUTTON}</arg>
</arguments>
<kw name="Mouse Over If Element Is Visible" library="utils_keywords">
<arguments>
<arg>${element}</arg>
<arg>${wait_time}</arg>
</arguments>
<kw name="Wait Until Element Is Visible" library="Selenium2Library">
<doc>Waits until the element ``locator`` is visible.</doc>
<arguments>
<arg>${element}</arg>
<arg>${wait_time}</arg>
</arguments>
<status status="PASS" starttime="20201209 16:08:26.624" endtime="20201209 16:08:26.638"></status>
</kw>
<kw name="Mouse Over" library="Selenium2Library">
<doc>Simulates hovering the mouse over the element ``locator``.</doc>
<arguments>
<arg>${element}</arg>
</arguments>
<msg timestamp="20201209 16:08:26.638" level="INFO">Simulating Mouse Over on element 'id:add_to_cart'.</msg>
<status status="PASS" starttime="20201209 16:08:26.638" endtime="20201209 16:08:26.909"></status>
</kw>
<status status="PASS" starttime="20201209 16:08:26.624" endtime="20201209 16:08:26.909"></status>
</kw>
<kw name="Click Element" library="Selenium2Library">
<doc>Click the element identified by ``locator``.</doc>
<arguments>
<arg>${element}</arg>
</arguments>
<msg timestamp="20201209 16:08:26.911" level="INFO">Clicking element 'id:add_to_cart'.</msg>
<status status="PASS" starttime="20201209 16:08:26.910" endtime="20201209 16:08:27.020"></status>
</kw>
<status status="PASS" starttime="20201209 16:08:26.623" endtime="20201209 16:08:27.020"></status>
</kw>
<kw name="Wait Until Element Is Visible" library="Selenium2Library">
<doc>Waits until the element ``locator`` is visible.</doc>
<arguments>
<arg>${ADDED_TO_CARD_MODAL_SUCCESS_MESSAGE}</arg>
</arguments>
<status status="PASS" starttime="20201209 16:08:27.020" endtime="20201209 16:08:28.810"></status>
</kw>
<kw name="Wait Until Element Is Visible" library="Selenium2Library">
<doc>Waits until the element ``locator`` is visible.</doc>
<arguments>
<arg>${ADDED_TO_CARD_MODAL_PRODUCT_TITLE}</arg>
</arguments>
<status status="PASS" starttime="20201209 16:08:28.810" endtime="20201209 16:08:28.831"></status>
</kw>
<kw name="Element Should Contain" library="Selenium2Library">
<doc>Verifies that element ``locator`` contains text ``expected``.</doc>
<arguments>
<arg>${ADDED_TO_CARD_MODAL_PRODUCT_TITLE}</arg>
<arg>${product.product_name}</arg>
</arguments>
<msg timestamp="20201209 16:08:28.849" level="INFO">Element '//span[@id="layer_cart_product_title"]' contains text 'Printed Dress'.</msg>
<status status="PASS" starttime="20201209 16:08:28.832" endtime="20201209 16:08:28.849"></status>
</kw>
<kw name="String Replace" library="utils_keywords">
<doc>Replaces the ocurrences of '$$' for the respective strings.</doc>
<arguments>
<arg>${ADDED_TO_CARD_PRODUCT_COLOR_SIZE}</arg>
<arg>${product.color}</arg>
<arg>${product.size}</arg>
</arguments>
<assign>
<var>${color_size}</var>
</assign>
<kw name="${string} IN [ @{replacement_strings} ]" type="for">
<kw name="${string} = Beige" type="foritem">
<kw name="Replace String" library="String">
<doc>Replaces ``search_for`` in the given ``string`` with ``replace_with``.</doc>
<arguments>
<arg>${template_string}</arg>
<arg>$$</arg>
<arg>${string}</arg>
<arg>count=1</arg>
</arguments>
<assign>
<var>${template_string}</var>
</assign>
<msg timestamp="20201209 16:08:28.851" level="INFO">${template_string} = //span[@id="layer_cart_product_attributes" and normalize-space()="Beige, $$"]</msg>
<status status="PASS" starttime="20201209 16:08:28.850" endtime="20201209 16:08:28.851"></status>
</kw>
<status status="PASS" starttime="20201209 16:08:28.850" endtime="20201209 16:08:28.851"></status>
</kw>
<kw name="${string} = M" type="foritem">
<kw name="Replace String" library="String">
<doc>Replaces ``search_for`` in the given ``string`` with ``replace_with``.</doc>
<arguments>
<arg>${template_string}</arg>
<arg>$$</arg>
<arg>${string}</arg>
<arg>count=1</arg>
</arguments>
<assign>
<var>${template_string}</var>
</assign>
<msg timestamp="20201209 16:08:28.851" level="INFO">${template_string} = //span[@id="layer_cart_product_attributes" and normalize-space()="Beige, M"]</msg>
<status status="PASS" starttime="20201209 16:08:28.851" endtime="20201209 16:08:28.851"></status>
</kw>
<status status="PASS" starttime="20201209 16:08:28.851" endtime="20201209 16:08:28.852"></status>
</kw>
<status status="PASS" starttime="20201209 16:08:28.850" endtime="20201209 16:08:28.852"></status>
</kw>
<msg timestamp="20201209 16:08:28.852" level="INFO">${color_size} = //span[@id="layer_cart_product_attributes" and normalize-space()="Beige, M"]</msg>
<status status="PASS" starttime="20201209 16:08:28.849" endtime="20201209 16:08:28.852"></status>
</kw>
<kw name="Wait Until Element Is Visible" library="Selenium2Library">
<doc>Waits until the element ``locator`` is visible.</doc>
<arguments>
<arg>${color_size}</arg>
</arguments>
<status status="PASS" starttime="20201209 16:08:28.852" endtime="20201209 16:08:28.876"></status>
</kw>
<status status="PASS" starttime="20201209 16:08:25.517" endtime="20201209 16:08:28.876"></status>
</kw>
<kw name="Proceed To Checkout" library="products_keywords">
<kw name="Click If Element Is Visible" library="utils_keywords">
<arguments>
<arg>${PROCEED_TO_CHECKOUT_BUTTON}</arg>
</arguments>
<kw name="Mouse Over If Element Is Visible" library="utils_keywords">
<arguments>
<arg>${element}</arg>
<arg>${wait_time}</arg>
</arguments>
<kw name="Wait Until Element Is Visible" library="Selenium2Library">
<doc>Waits until the element ``locator`` is visible.</doc>
<arguments>
<arg>${element}</arg>
<arg>${wait_time}</arg>
</arguments>
<status status="PASS" starttime="20201209 16:08:28.879" endtime="20201209 16:08:28.904"></status>
</kw>
<kw name="Mouse Over" library="Selenium2Library">
<doc>Simulates hovering the mouse over the element ``locator``.</doc>
<arguments>
<arg>${element}</arg>
</arguments>
<msg timestamp="20201209 16:08:28.904" level="INFO">Simulating Mouse Over on element '//a[@title="Proceed to checkout"]'.</msg>
<status status="PASS" starttime="20201209 16:08:28.904" endtime="20201209 16:08:29.192"></status>
</kw>
<status status="PASS" starttime="20201209 16:08:28.878" endtime="20201209 16:08:29.193"></status>
</kw>
<kw name="Click Element" library="Selenium2Library">
<doc>Click the element identified by ``locator``.</doc>
<arguments>
<arg>${element}</arg>
</arguments>
<msg timestamp="20201209 16:08:29.194" level="INFO">Clicking element '//a[@title="Proceed to checkout"]'.</msg>
<status status="PASS" starttime="20201209 16:08:29.193" endtime="20201209 16:08:31.454"></status>
</kw>
<status status="PASS" starttime="20201209 16:08:28.877" endtime="20201209 16:08:31.454"></status>
</kw>
<kw name="Wait Until Element Is Visible" library="Selenium2Library">
<doc>Waits until the element ``locator`` is visible.</doc>
<arguments>
<arg>${CARD_TITLE}</arg>
</arguments>
<status status="PASS" starttime="20201209 16:08:31.455" endtime="20201209 16:08:31.493"></status>
</kw>
<status status="PASS" starttime="20201209 16:08:28.876" endtime="20201209 16:08:31.493"></status>
</kw>
<kw name="Check Cart Summary" library="products_keywords">
<arguments>
<arg>${product_1}</arg>
</arguments>
<kw name="Replace String" library="String">
<doc>Replaces ``search_for`` in the given ``string`` with ``replace_with``.</doc>
<arguments>
<arg>${CARD_SUMMARY_DESCR_PROD_NAME}</arg>
<arg>$$</arg>
<arg>${product.product_name}</arg>
</arguments>
<assign>
<var>${desc_name}</var>
</assign>
<msg timestamp="20201209 16:08:31.495" level="INFO">${desc_name} = //td[contains(@class,"cart_description")]//a[normalize-space()="Printed Dress"]</msg>
<status status="PASS" starttime="20201209 16:08:31.494" endtime="20201209 16:08:31.495"></status>
</kw>
<kw name="String Replace" library="utils_keywords">
<doc>Replaces the ocurrences of '$$' for the respective strings.</doc>
<arguments>
<arg>${CARD_SUMMARY_DESCR_PROD_COLOR_SIZE}</arg>
<arg>${product.color}</arg>
<arg>${product.size}</arg>
</arguments>
<assign>
<var>${desc_color_size}</var>
</assign>
<kw name="${string} IN [ @{replacement_strings} ]" type="for">
<kw name="${string} = Pink" type="foritem">
<kw name="Replace String" library="String">
<doc>Replaces ``search_for`` in the given ``string`` with ``replace_with``.</doc>
<arguments>
<arg>${template_string}</arg>
<arg>$$</arg>
<arg>${string}</arg>
<arg>count=1</arg>
</arguments>
<assign>
<var>${template_string}</var>
</assign>
<msg timestamp="20201209 16:08:31.498" level="INFO">${template_string} = //td[contains(@class,"cart_description")]//a[normalize-space()="Color : Pink, Size : $$"]</msg>
<status status="PASS" starttime="20201209 16:08:31.497" endtime="20201209 16:08:31.498"></status>
</kw>
<status status="PASS" starttime="20201209 16:08:31.496" endtime="20201209 16:08:31.498"></status>
</kw>
<kw name="${string} = S" type="foritem">
<kw name="Replace String" library="String">
<doc>Replaces ``search_for`` in the given ``string`` with ``replace_with``.</doc>
<arguments>
<arg>${template_string}</arg>
<arg>$$</arg>
<arg>${string}</arg>
<arg>count=1</arg>
</arguments>
<assign>
<var>${template_string}</var>
</assign>
<msg timestamp="20201209 16:08:31.499" level="INFO">${template_string} = //td[contains(@class,"cart_description")]//a[normalize-space()="Color : Pink, Size : S"]</msg>
<status status="PASS" starttime="20201209 16:08:31.498" endtime="20201209 16:08:31.499"></status>
</kw>
<status status="PASS" starttime="20201209 16:08:31.498" endtime="20201209 16:08:31.499"></status>
</kw>
<status status="PASS" starttime="20201209 16:08:31.496" endtime="20201209 16:08:31.499"></status>
</kw>
<msg timestamp="20201209 16:08:31.500" level="INFO">${desc_color_size} = //td[contains(@class,"cart_description")]//a[normalize-space()="Color : Pink, Size : S"]</msg>
<status status="PASS" starttime="20201209 16:08:31.495" endtime="20201209 16:08:31.500"></status>
</kw>
<kw name="Wait Until Element Is Visible" library="Selenium2Library">
<doc>Waits until the element ``locator`` is visible.</doc>
<arguments>
<arg>${desc_name}</arg>
</arguments>
<status status="PASS" starttime="20201209 16:08:31.500" endtime="20201209 16:08:31.529"></status>
</kw>
<kw name="Wait Until Element Is Visible" library="Selenium2Library">
<doc>Waits until the element ``locator`` is visible.</doc>
<arguments>
<arg>${desc_color_size}</arg>
</arguments>
<status status="PASS" starttime="20201209 16:08:31.529" endtime="20201209 16:08:31.555"></status>
</kw>
<status status="PASS" starttime="20201209 16:08:31.493" endtime="20201209 16:08:31.556"></status>
</kw>
<kw name="Check Cart Summary" library="products_keywords">
<arguments>
<arg>${product_2}</arg>
</arguments>
<kw name="Replace String" library="String">
<doc>Replaces ``search_for`` in the given ``string`` with ``replace_with``.</doc>
<arguments>
<arg>${CARD_SUMMARY_DESCR_PROD_NAME}</arg>
<arg>$$</arg>
<arg>${product.product_name}</arg>
</arguments>
<assign>
<var>${desc_name}</var>
</assign>
<msg timestamp="20201209 16:08:31.557" level="INFO">${desc_name} = //td[contains(@class,"cart_description")]//a[normalize-space()="Printed Dress"]</msg>
<status status="PASS" starttime="20201209 16:08:31.557" endtime="20201209 16:08:31.558"></status>
</kw>
<kw name="String Replace" library="utils_keywords">
<doc>Replaces the ocurrences of '$$' for the respective strings.</doc>
<arguments>
<arg>${CARD_SUMMARY_DESCR_PROD_COLOR_SIZE}</arg>
<arg>${product.color}</arg>
<arg>${product.size}</arg>
</arguments>
<assign>
<var>${desc_color_size}</var>
</assign>
[...]
<kw name="Wait Until Element Is Visible" library="Selenium2Library">
<doc>Waits until the element ``locator`` is visible.</doc>
<arguments>
<arg>${element}</arg>
<arg>${wait_time}</arg>
</arguments>
<status status="PASS" starttime="20201209 16:09:42.600" endtime="20201209 16:09:42.655"></status>
</kw>
<kw name="Input Text" library="Selenium2Library">
<doc>Types the given ``text`` into the text field identified by ``locator``.</doc>
<arguments>
<arg>${element}</arg>
<arg>${text}</arg>
</arguments>
<msg timestamp="20201209 16:09:42.657" level="INFO">Typing text 'Mendez' into text field 'id:customer_lastname'.</msg>
<status status="PASS" starttime="20201209 16:09:42.656" endtime="20201209 16:09:42.824"></status>
</kw>
<status status="PASS" starttime="20201209 16:09:42.598" endtime="20201209 16:09:42.824"></status>
</kw>
<kw name="Check If Email Is Visible In Personal Information Form" library="create_account_keywords">
<arguments>
<arg>${user.email}</arg>
</arguments>
<kw name="Replace String" library="String">
<doc>Replaces ``search_for`` in the given ``string`` with ``replace_with``.</doc>
<arguments>
<arg>${PERSONAL_INFORMATION_EMAIL}</arg>
<arg>$$</arg>
<arg>${user.email}</arg>
</arguments>
<assign>
<var>${email}</var>
</assign>
<msg timestamp="20201209 16:09:42.826" level="INFO">${email} = //input[@id="email" and @value="blakemendez@orbia.ag"]</msg>
<status status="PASS" starttime="20201209 16:09:42.825" endtime="20201209 16:09:42.826"></status>
</kw>
<kw name="Wait Until Element Is Visible" library="Selenium2Library">
<doc>Waits until the element ``locator`` is visible.</doc>
<arguments>
<arg>${email}</arg>
</arguments>
<status status="PASS" starttime="20201209 16:09:42.826" endtime="20201209 16:09:42.842"></status>
</kw>
<status status="PASS" starttime="20201209 16:09:42.825" endtime="20201209 16:09:42.842"></status>
</kw>
<kw name="Select Especial Offers Checkbox" library="create_account_keywords">
<arguments>
<arg>${user_can_receive_especial_offers}</arg>
</arguments>
<kw name="Page Should Contain Checkbox" library="Selenium2Library">
<doc>Verifies checkbox ``locator`` is found from the current page.</doc>
<arguments>
<arg>${CHECKBOX_SPECIAL_OFFERS}</arg>
</arguments>
<msg timestamp="20201209 16:09:42.859" level="INFO">Current page contains checkbox 'id:optin'.</msg>
<status status="PASS" starttime="20201209 16:09:42.843" endtime="20201209 16:09:42.859"></status>
</kw>
<kw name="Run Keyword If" library="BuiltIn">
<doc>Runs the given keyword with the given arguments, if ``condition`` is true.</doc>
<arguments>
<arg>'${user_can_receive_especial_offers}' == 'true'</arg>
<arg>Select Checkbox</arg>
<arg>${CHECKBOX_SPECIAL_OFFERS}</arg>
</arguments>
<kw name="Select Checkbox" library="Selenium2Library">
<doc>Selects the checkbox identified by ``locator``.</doc>
<arguments>
<arg>${CHECKBOX_SPECIAL_OFFERS}</arg>
</arguments>
<msg timestamp="20201209 16:09:42.860" level="INFO">Selecting checkbox 'id:optin'.</msg>
<status status="PASS" starttime="20201209 16:09:42.860" endtime="20201209 16:09:42.919"></status>
</kw>
<status status="PASS" starttime="20201209 16:09:42.860" endtime="20201209 16:09:42.919"></status>
</kw>
<kw name="Run Keyword If" library="BuiltIn">
<doc>Runs the given keyword with the given arguments, if ``condition`` is true.</doc>
<arguments>
<arg>'${user_can_receive_especial_offers}' == 'true'</arg>
<arg>Checkbox Should Be Selected</arg>
<arg>${CHECKBOX_SPECIAL_OFFERS}</arg>
</arguments>
<kw name="Checkbox Should Be Selected" library="Selenium2Library">
<doc>Verifies checkbox ``locator`` is selected/checked.</doc>
<arguments>
<arg>${CHECKBOX_SPECIAL_OFFERS}</arg>
</arguments>
<msg timestamp="20201209 16:09:42.920" level="INFO">Verifying checkbox 'id:optin' is selected.</msg>
<status status="PASS" starttime="20201209 16:09:42.920" endtime="20201209 16:09:42.937"></status>
</kw>
<status status="PASS" starttime="20201209 16:09:42.919" endtime="20201209 16:09:42.937"></status>
</kw>
<status status="PASS" starttime="20201209 16:09:42.842" endtime="20201209 16:09:42.938"></status>
</kw>
<status status="PASS" starttime="20201209 16:09:42.314" endtime="20201209 16:09:42.938"></status>
</kw>
<kw name="Set User Address Information" library="create_account_keywords">
<arguments>
<arg>${user}</arg>
</arguments>
<kw name="Split String" library="String">
<doc>Splits the ``string`` using ``separator`` as a delimiter string.</doc>
<arguments>
<arg>${user.name}</arg>
</arguments>
<assign>
<var>${first_name}</var>
<var>${last_name}</var>
</assign>
<msg timestamp="20201209 16:09:42.939" level="INFO">${first_name} = Blake</msg>
<msg timestamp="20201209 16:09:42.939" level="INFO">${last_name} = Mendez</msg>
<status status="PASS" starttime="20201209 16:09:42.938" endtime="20201209 16:09:42.939"></status>
</kw>
<kw name="Check Element Attribute" library="utils_keywords">
<arguments>
<arg>${ADDRESS_INFORMATION_FIRST_NAME}</arg>
<arg>${first_name}</arg>
<arg>value</arg>
</arguments>
<kw name="Wait Until Element Is Visible" library="Selenium2Library">
<doc>Waits until the element ``locator`` is visible.</doc>
<arguments>
<arg>${element_locator}</arg>
</arguments>
<status status="PASS" starttime="20201209 16:09:42.939" endtime="20201209 16:09:42.957"></status>
</kw>
<kw name="Get Element Attribute" library="Selenium2Library">
<doc>Returns the value of ``attribute`` from the element ``locator``.</doc>
<arguments>
<arg>${element_locator}</arg>
<arg>${attribute}</arg>
</arguments>
<assign>
<var>${return_value}</var>
</assign>
<msg timestamp="20201209 16:09:42.968" level="INFO">${return_value} = Blake</msg>
<status status="PASS" starttime="20201209 16:09:42.957" endtime="20201209 16:09:42.968"></status>
</kw>
<kw name="Should Be Equal" library="BuiltIn">
<doc>Fails if the given objects are unequal.</doc>
<arguments>
<arg>${return_value}</arg>
<arg>${expected_value}</arg>
</arguments>
<status status="PASS" starttime="20201209 16:09:42.968" endtime="20201209 16:09:42.969"></status>
</kw>
<status status="PASS" starttime="20201209 16:09:42.939" endtime="20201209 16:09:42.969"></status>
</kw>
<kw name="Check Element Attribute" library="utils_keywords">
<arguments>
<arg>${ADDRESS_INFORMATION_LAST_NAME}</arg>
<arg>${last_name}</arg>
<arg>value</arg>
</arguments>
<kw name="Wait Until Element Is Visible" library="Selenium2Library">
<doc>Waits until the element ``locator`` is visible.</doc>
<arguments>
<arg>${element_locator}</arg>
</arguments>
<status status="PASS" starttime="20201209 16:09:42.969" endtime="20201209 16:09:42.988"></status>
</kw>
<kw name="Get Element Attribute" library="Selenium2Library">
<doc>Returns the value of ``attribute`` from the element ``locator``.</doc>
<arguments>
<arg>${element_locator}</arg>
<arg>${attribute}</arg>
</arguments>
<assign>
<var>${return_value}</var>
</assign>
<msg timestamp="20201209 16:09:42.998" level="INFO">${return_value} = Mendez</msg>
<status status="PASS" starttime="20201209 16:09:42.988" endtime="20201209 16:09:42.998"></status>
</kw>
<kw name="Should Be Equal" library="BuiltIn">
<doc>Fails if the given objects are unequal.</doc>
<arguments>
<arg>${return_value}</arg>
<arg>${expected_value}</arg>
</arguments>
<status status="PASS" starttime="20201209 16:09:42.999" endtime="20201209 16:09:42.999"></status>
</kw>
<status status="PASS" starttime="20201209 16:09:42.969" endtime="20201209 16:09:42.999"></status>
</kw>
<kw name="Input Text If Element Is Visible" library="utils_keywords">
<arguments>
<arg>${ADDRESS_INFORMATION_ADDRESS}</arg>
<arg>${user.address}</arg>
</arguments>
<kw name="Wait Until Element Is Visible" library="Selenium2Library">
<doc>Waits until the element ``locator`` is visible.</doc>
<arguments>
<arg>${element}</arg>
<arg>${wait_time}</arg>
</arguments>
<status status="PASS" starttime="20201209 16:09:43.000" endtime="20201209 16:09:43.018"></status>
</kw>
<kw name="Input Text" library="Selenium2Library">
<doc>Types the given ``text`` into the text field identified by ``locator``.</doc>
<arguments>
<arg>${element}</arg>
<arg>${text}</arg>
</arguments>
<msg timestamp="20201209 16:09:43.019" level="INFO">Typing text '23039 Sonya Union Apt. 138
Patrickhaven, UT 89169' into text field 'id:address1'.</msg>
<status status="PASS" starttime="20201209 16:09:43.018" endtime="20201209 16:09:46.614"></status>
</kw>
<status status="PASS" starttime="20201209 16:09:42.999" endtime="20201209 16:09:46.614"></status>
</kw>
<kw name="Input Text If Element Is Visible" library="utils_keywords">
<arguments>
<arg>${ADDRESS_INFORMATION_CITY}</arg>
<arg>${user.city}</arg>
</arguments>
<kw name="Wait Until Element Is Visible" library="Selenium2Library">
<doc>Waits until the element ``locator`` is visible.</doc>
<arguments>
<arg>${element}</arg>
<arg>${wait_time}</arg>
</arguments>
<status status="PASS" starttime="20201209 16:09:46.615" endtime="20201209 16:09:46.634"></status>
</kw>
<kw name="Input Text" library="Selenium2Library">
<doc>Types the given ``text`` into the text field identified by ``locator``.</doc>
<arguments>
<arg>${element}</arg>
<arg>${text}</arg>
</arguments>
<msg timestamp="20201209 16:09:46.634" level="INFO">Typing text 'East Benjaminmouth' into text field 'id:city'.</msg>
<status status="PASS" starttime="20201209 16:09:46.634" endtime="20201209 16:09:46.715"></status>
</kw>
<status status="PASS" starttime="20201209 16:09:46.615" endtime="20201209 16:09:46.715"></status>
</kw>
<kw name="Select User State" library="create_account_keywords">
<kw name="Evaluate" library="BuiltIn">
<doc>Evaluates the given expression in Python and returns the result.</doc>
<arguments>
<arg>random.randint(1, 53)</arg>
</arguments>
<assign>
<var>${random}</var>
</assign>
<msg timestamp="20201209 16:09:46.715" level="INFO">${random} = 9</msg>
<status status="PASS" starttime="20201209 16:09:46.715" endtime="20201209 16:09:46.715"></status>
</kw>
<kw name="Convert To String" library="BuiltIn">
<doc>Converts the given item to a Unicode string.</doc>
<arguments>
<arg>${random}</arg>
</arguments>
<assign>
<var>${random}</var>
</assign>
<msg timestamp="20201209 16:09:46.716" level="INFO">${random} = 9</msg>
<status status="PASS" starttime="20201209 16:09:46.716" endtime="20201209 16:09:46.716"></status>
</kw>
<kw name="Select From List By Value" library="Selenium2Library">
<doc>Selects options from selection list ``locator`` by ``values``.</doc>
<arguments>
<arg>${ADDRESS_INFORMATION_STATE}</arg>
<arg>${random}</arg>
</arguments>
<msg timestamp="20201209 16:09:46.716" level="INFO">Selecting options from selection list '//select[@id="id_state"]' by value 9.</msg>
<status status="PASS" starttime="20201209 16:09:46.716" endtime="20201209 16:09:46.782"></status>
</kw>
<status status="PASS" starttime="20201209 16:09:46.715" endtime="20201209 16:09:46.783"></status>
</kw>
<kw name="Select From List By Value" library="Selenium2Library">
<doc>Selects options from selection list ``locator`` by ``values``.</doc>
<arguments>
<arg>${ADDRESS_INFORMATION_COUNTRY}</arg>
<arg>21</arg>
</arguments>
<msg timestamp="20201209 16:09:46.783" level="INFO">Selecting options from selection list '//select[@id="id_country"]' by value 21.</msg>
<status status="PASS" starttime="20201209 16:09:46.783" endtime="20201209 16:09:46.819"></status>
</kw>
<kw name="Input Text If Element Is Visible" library="utils_keywords">
<arguments>
<arg>${ADDRESS_INFORMATION_POST_CODE}</arg>
<arg>${user.postal_code}</arg>
</arguments>
<kw name="Wait Until Element Is Visible" library="Selenium2Library">
<doc>Waits until the element ``locator`` is visible.</doc>
<arguments>
<arg>${element}</arg>
<arg>${wait_time}</arg>
</arguments>
<status status="PASS" starttime="20201209 16:09:46.820" endtime="20201209 16:09:46.839"></status>
</kw>
<kw name="Input Text" library="Selenium2Library">
<doc>Types the given ``text`` into the text field identified by ``locator``.</doc>
<arguments>
<arg>${element}</arg>
<arg>${text}</arg>
</arguments>
<msg timestamp="20201209 16:09:46.840" level="INFO">Typing text '51597' into text field 'id:postcode'.</msg>
<status status="PASS" starttime="20201209 16:09:46.839" endtime="20201209 16:09:46.915"></status>
</kw>
<status status="PASS" starttime="20201209 16:09:46.819" endtime="20201209 16:09:46.915"></status>
</kw>
<kw name="Input Text If Element Is Visible" library="utils_keywords">
<arguments>
<arg>${ADDRESS_INFORMATION_MOBILE_PHONE}</arg>
<arg>${user.mobile_phone}</arg>
</arguments>
<kw name="Wait Until Element Is Visible" library="Selenium2Library">
<doc>Waits until the element ``locator`` is visible.</doc>
<arguments>
<arg>${element}</arg>
<arg>${wait_time}</arg>
</arguments>
<status status="PASS" starttime="20201209 16:09:46.915" endtime="20201209 16:09:46.933"></status>
</kw>
<kw name="Input Text" library="Selenium2Library">
<doc>Types the given ``text`` into the text field identified by ``locator``.</doc>
<arguments>
<arg>${element}</arg>
<arg>${text}</arg>
</arguments>
<msg timestamp="20201209 16:09:46.934" level="INFO">Typing text '8573931196' into text field 'id:phone_mobile'.</msg>
<status status="PASS" starttime="20201209 16:09:46.933" endtime="20201209 16:09:47.011"></status>
</kw>
<status status="PASS" starttime="20201209 16:09:46.915" endtime="20201209 16:09:47.012"></status>
</kw>
<kw name="Set Password In Personal Information Form" library="create_account_keywords">
<arguments>
<arg>${user.password}</arg>
</arguments>
<kw name="Wait Until Element Is Visible" library="Selenium2Library">
<doc>Waits until the element ``locator`` is visible.</doc>
<arguments>
<arg>${PERSONAL_INFORMATION_PASSWORD}</arg>
</arguments>
<status status="PASS" starttime="20201209 16:09:47.012" endtime="20201209 16:09:47.032"></status>
</kw>
<kw name="Input Password" library="Selenium2Library">
<doc>Types the given password into the text field identified by ``locator``.</doc>
<arguments>
<arg>${PERSONAL_INFORMATION_PASSWORD}</arg>
<arg>${password}</arg>
</arguments>
<msg timestamp="20201209 16:09:47.032" level="INFO">Typing password into text field 'id:passwd'.</msg>
<msg timestamp="20201209 16:09:47.065" level="INFO">Temporally setting log level to: NONE</msg>
<msg timestamp="20201209 16:09:47.109" level="INFO">Log level changed from NONE to INFO.</msg>
<status status="PASS" starttime="20201209 16:09:47.032" endtime="20201209 16:09:47.109"></status>
</kw>
<kw name="Click If Element Is Visible" library="utils_keywords">
<arguments>
<arg>//label[@for="passwd"]</arg>
</arguments>
<kw name="Mouse Over If Element Is Visible" library="utils_keywords">
<arguments>
<arg>${element}</arg>
<arg>${wait_time}</arg>
</arguments>
<kw name="Wait Until Element Is Visible" library="Selenium2Library">
<doc>Waits until the element ``locator`` is visible.</doc>
<arguments>
<arg>${element}</arg>
<arg>${wait_time}</arg>
</arguments>
<status status="PASS" starttime="20201209 16:09:47.110" endtime="20201209 16:09:47.127"></status>
</kw>
<kw name="Mouse Over" library="Selenium2Library">
<doc>Simulates hovering the mouse over the element ``locator``.</doc>
<arguments>
<arg>${element}</arg>
</arguments>
<msg timestamp="20201209 16:09:47.128" level="INFO">Simulating Mouse Over on element '//label[@for="passwd"]'.</msg>
<status status="PASS" starttime="20201209 16:09:47.127" endtime="20201209 16:09:47.409"></status>
</kw>
<status status="PASS" starttime="20201209 16:09:47.110" endtime="20201209 16:09:47.409"></status>
</kw>
<kw name="Click Element" library="Selenium2Library">
<doc>Click the element identified by ``locator``.</doc>
<arguments>
<arg>${element}</arg>
</arguments>
<msg timestamp="20201209 16:09:47.410" level="INFO">Clicking element '//label[@for="passwd"]'.</msg>
<status status="PASS" starttime="20201209 16:09:47.410" endtime="20201209 16:09:47.511"></status>
</kw>
<status status="PASS" starttime="20201209 16:09:47.109" endtime="20201209 16:09:47.511"></status>
</kw>
<kw name="Wait Until Element Is Visible" library="Selenium2Library">
<doc>Waits until the element ``locator`` is visible.</doc>
<arguments>
<arg>//label[@for="passwd"]//ancestor::div[contains(@class, "form-ok")]</arg>
</arguments>
<status status="PASS" starttime="20201209 16:09:47.511" endtime="20201209 16:09:47.533"></status>
</kw>
<status status="PASS" starttime="20201209 16:09:47.012" endtime="20201209 16:09:47.533"></status>
</kw>
<status status="PASS" starttime="20201209 16:09:42.938" endtime="20201209 16:09:47.533"></status>
</kw>
<kw name="Click In Create Account Register Button And Check Register Success" library="create_account_keywords">
<kw name="Click If Element Is Visible" library="utils_keywords">
<arguments>
<arg>${PERSONAL_INFORMATION_REGISTER_BUTTON}</arg>
</arguments>
<kw name="Mouse Over If Element Is Visible" library="utils_keywords">
<arguments>
<arg>${element}</arg>
<arg>${wait_time}</arg>
</arguments>
<kw name="Wait Until Element Is Visible" library="Selenium2Library">
<doc>Waits until the element ``locator`` is visible.</doc>
<arguments>
<arg>${element}</arg>
<arg>${wait_time}</arg>
</arguments>
<status status="PASS" starttime="20201209 16:09:47.534" endtime="20201209 16:09:47.553"></status>
</kw>
<kw name="Mouse Over" library="Selenium2Library">
<doc>Simulates hovering the mouse over the element ``locator``.</doc>
<arguments>
<arg>${element}</arg>
</arguments>
<msg timestamp="20201209 16:09:47.553" level="INFO">Simulating Mouse Over on element 'id:submitAccount'.</msg>
<status status="PASS" starttime="20201209 16:09:47.553" endtime="20201209 16:09:47.829"></status>
</kw>
<status status="PASS" starttime="20201209 16:09:47.534" endtime="20201209 16:09:47.830"></status>
</kw>
<kw name="Click Element" library="Selenium2Library">
<doc>Click the element identified by ``locator``.</doc>
<arguments>
<arg>${element}</arg>
</arguments>
<msg timestamp="20201209 16:09:47.832" level="INFO">Clicking element 'id:submitAccount'.</msg>
<status status="PASS" starttime="20201209 16:09:47.831" endtime="20201209 16:09:50.968"></status>
</kw>
<status status="PASS" starttime="20201209 16:09:47.534" endtime="20201209 16:09:50.968"></status>
</kw>
<kw name="Wait Until Element Is Not Visible" library="Selenium2Library">
<doc>Waits until the element ``locator`` is not visible.</doc>
<arguments>
<arg>${USER_INFORMATION_ERROR_BANNER}</arg>
</arguments>
<status status="PASS" starttime="20201209 16:09:50.968" endtime="20201209 16:09:50.980"></status>
</kw>
<status status="PASS" starttime="20201209 16:09:47.533" endtime="20201209 16:09:50.980"></status>
</kw>
<status status="PASS" starttime="20201209 16:09:42.313" endtime="20201209 16:09:50.980"></status>
</kw>
<kw name="Verify If My Account Page Is Visible" library="create_account_keywords">
<kw name="Wait Until Element Is Visible" library="Selenium2Library">
<doc>Waits until the element ``locator`` is visible.</doc>
<arguments>
<arg>${MY_ACCOUNT_PAGE}</arg>
</arguments>
<status status="PASS" starttime="20201209 16:09:50.980" endtime="20201209 16:09:51.003"></status>
</kw>
<status status="PASS" starttime="20201209 16:09:50.980" endtime="20201209 16:09:51.003"></status>
</kw>
<status status="PASS" starttime="20201209 16:09:33.765" endtime="20201209 16:09:51.003" critical="yes"></status>
</test>
<kw name="Close Browser" library="Selenium2Library" type="teardown">
<doc>Closes the current browser.</doc>
<status status="PASS" starttime="20201209 16:09:51.004" endtime="20201209 16:09:51.084"></status>
</kw>
<doc>Create User Account</doc>
<status status="PASS" starttime="20201209 16:09:26.922" endtime="20201209 16:09:51.084"></status>
</suite>
<status status="PASS" starttime="20201209 16:07:53.781" endtime="20201209 16:09:51.091"></status>
</suite>
<statistics>
<total>
<stat pass="3" fail="0">Critical Tests</stat>
<stat pass="3" fail="0">All Tests</stat>
</total>
<tag>
</tag>
<suite>
<stat pass="3" fail="0" id="s1" name="Tests">Tests</stat>
<stat pass="2" fail="0" id="s1-s1" name="Buy Products">Tests.Buy Products</stat>
<stat pass="1" fail="0" id="s1-s2" name="Create Account">Tests.Create Account</stat>
</suite>
</statistics>
<errors>
</errors>
</robot>
